2023-11-02 15:11:16,114 [INFO] Activator:177 - 


2023-11-02 15:11:16,130 [INFO] Activator:178 - !SESSION log4j initialized
2023-11-02 15:17:02,815 [INFO] McuFinderGlobals:39 - Set McuFinder mode to 2 (CubeIDE integrated)
2023-11-02 15:17:03,647 [INFO] ApplicationProperties:181 - Using Application install path: C:\ST\STM32CubeIDE_1.7.0\STM32CubeIDE\plugins\com.st.stm32cube.common.mx_6.3.0.202107141111
2023-11-02 15:17:03,663 [INFO] DbMcusXml:74 - Set database path to: C:\ST\STM32CubeIDE_1.7.0\STM32CubeIDE\plugins\com.st.stm32cube.common.mx_6.3.0.202107141111\\db\/mcu/
2023-11-02 15:17:03,673 [INFO] DbBoardsPdsc:56 - Set plugin database path to: C:\ST\STM32CubeIDE_1.7.0\STM32CubeIDE\plugins\com.st.stm32cube.common.mx_6.3.0.202107141111\\db\/plugins/boardmanager/
2023-11-02 15:17:03,673 [INFO] DbMcus:258 - Set plugin images path to: C:\ST\STM32CubeIDE_1.7.0\STM32CubeIDE\plugins\com.st.stm32cube.common.mx_6.3.0.202107141111\\db\/plugins/mcufinder/images/
2023-11-02 15:17:03,673 [INFO] DbBoards:264 - Set plugin images path to: C:\ST\STM32CubeIDE_1.7.0\STM32CubeIDE\plugins\com.st.stm32cube.common.mx_6.3.0.202107141111\\db\/plugins/mcufinder/images/
2023-11-02 15:17:03,676 [INFO] DbExamples:333 - Set plugin images path to: C:\ST\STM32CubeIDE_1.7.0\STM32CubeIDE\plugins\com.st.stm32cube.common.mx_6.3.0.202107141111\\db\/plugins/mcufinder/images/
2023-11-02 15:17:03,687 [INFO] DbMcusAds:119 - Set database path to: C:\Users\nguye\.stmcufinder\plugins\mcufinder//mcu/
2023-11-02 15:17:03,687 [INFO] DbMcusDocs:110 - Set database path to: C:\Users\nguye\.stmcufinder\plugins\mcufinder//mcu/
2023-11-02 15:17:03,695 [INFO] DbMcusJson:64 - Set database path to: C:\Users\nguye\.stmcufinder\plugins\mcufinder//mcu/
2023-11-02 15:17:03,695 [INFO] DbBoardsDocs:110 - Set database path to: C:\Users\nguye\.stmcufinder\plugins\mcufinder//mcu/
2023-11-02 15:17:03,695 [INFO] DbBoardsJson:57 - Set database path to: C:\Users\nguye\.stmcufinder\plugins\mcufinder//mcu/
2023-11-02 15:17:04,487 [INFO] CrossReferenceDbSqlite:196 - Set database path to: C:\Users\nguye\.stmcufinder\plugins\mcufinder//mcu/cs/
2023-11-02 15:17:04,525 [INFO] DbExamplesSqlite:767 - Set database path to: C:\Users\nguye\.stmcufinder\plugins\mcufinder//mcu/
2023-11-02 15:17:04,660 [INFO] RulesReader:57 - Compatibility file has been processed (242 Rules)
2023-11-02 15:17:04,780 [INFO] DbMcusXml:74 - Set database path to: C:\ST\STM32CubeIDE_1.7.0\STM32CubeIDE\plugins\com.st.stm32cube.common.mx_6.3.0.202107141111\\db\/mcu/
2023-11-02 15:17:04,795 [INFO] DbBoardsPdsc:56 - Set plugin database path to: C:\ST\STM32CubeIDE_1.7.0\STM32CubeIDE\plugins\com.st.stm32cube.common.mx_6.3.0.202107141111\\db\/plugins/boardmanager/
2023-11-02 15:17:04,795 [INFO] DbMcus:258 - Set plugin images path to: C:\ST\STM32CubeIDE_1.7.0\STM32CubeIDE\plugins\com.st.stm32cube.common.mx_6.3.0.202107141111\\db\/plugins/mcufinder/images/
2023-11-02 15:17:04,795 [INFO] DbBoards:264 - Set plugin images path to: C:\ST\STM32CubeIDE_1.7.0\STM32CubeIDE\plugins\com.st.stm32cube.common.mx_6.3.0.202107141111\\db\/plugins/mcufinder/images/
2023-11-02 15:17:04,795 [INFO] DbExamples:333 - Set plugin images path to: C:\ST\STM32CubeIDE_1.7.0\STM32CubeIDE\plugins\com.st.stm32cube.common.mx_6.3.0.202107141111\\db\/plugins/mcufinder/images/
2023-11-02 15:17:04,795 [WARN] DbFile:35 - Overriding database path with different value: C:\Users\nguye\.stmcufinder\plugins\mcufinder/ => C:\Users\nguye\.stmcufinder\plugins\mcufinder
2023-11-02 15:17:04,795 [INFO] DbMcusAds:119 - Set database path to: C:\Users\nguye\.stmcufinder\plugins\mcufinder//mcu/
2023-11-02 15:17:04,795 [WARN] DbFile:35 - Overriding database path with different value: C:\Users\nguye\.stmcufinder\plugins\mcufinder/ => C:\Users\nguye\.stmcufinder\plugins\mcufinder
2023-11-02 15:17:04,795 [INFO] DbMcusDocs:110 - Set database path to: C:\Users\nguye\.stmcufinder\plugins\mcufinder//mcu/
2023-11-02 15:17:04,795 [WARN] DbFile:35 - Overriding database path with different value: C:\Users\nguye\.stmcufinder\plugins\mcufinder/ => C:\Users\nguye\.stmcufinder\plugins\mcufinder
2023-11-02 15:17:04,795 [INFO] DbMcusJson:64 - Set database path to: C:\Users\nguye\.stmcufinder\plugins\mcufinder//mcu/
2023-11-02 15:17:04,795 [WARN] DbFile:35 - Overriding database path with different value: C:\Users\nguye\.stmcufinder\plugins\mcufinder/ => C:\Users\nguye\.stmcufinder\plugins\mcufinder
2023-11-02 15:17:04,795 [INFO] DbBoardsDocs:110 - Set database path to: C:\Users\nguye\.stmcufinder\plugins\mcufinder//mcu/
2023-11-02 15:17:04,795 [WARN] DbFile:35 - Overriding database path with different value: C:\Users\nguye\.stmcufinder\plugins\mcufinder/ => C:\Users\nguye\.stmcufinder\plugins\mcufinder
2023-11-02 15:17:04,795 [INFO] DbBoardsJson:57 - Set database path to: C:\Users\nguye\.stmcufinder\plugins\mcufinder//mcu/
2023-11-02 15:17:04,795 [WARN] DbFile:35 - Overriding database path with different value: C:\Users\nguye\.stmcufinder\plugins\mcufinder/ => C:\Users\nguye\.stmcufinder\plugins\mcufinder
2023-11-02 15:17:04,795 [WARN] DbFile:35 - Overriding database path with different value: C:\Users\nguye\.stmcufinder\plugins\mcufinder/ => C:\Users\nguye\.stmcufinder\plugins\mcufinder
2023-11-02 15:17:05,491 [INFO] CrossReferenceDbSqlite:196 - Set database path to: C:\Users\nguye\.stmcufinder\plugins\mcufinder//mcu/cs/
2023-11-02 15:17:05,491 [WARN] DbFile:35 - Overriding database path with different value: C:\Users\nguye\.stmcufinder\plugins\mcufinder/ => C:\Users\nguye\.stmcufinder\plugins\mcufinder
2023-11-02 15:17:05,491 [INFO] DbExamplesSqlite:767 - Set database path to: C:\Users\nguye\.stmcufinder\plugins\mcufinder//mcu/
2023-11-02 15:17:05,631 [INFO] MainPanel:214 - HeapMemory: 825229312
2023-11-02 15:17:05,772 [INFO] DbMcusXml:74 - Set database path to: C:\ST\STM32CubeIDE_1.7.0\STM32CubeIDE\plugins\com.st.stm32cube.common.mx_6.3.0.202107141111\\db\/mcu/
2023-11-02 15:17:05,772 [INFO] DbBoardsPdsc:56 - Set plugin database path to: C:\ST\STM32CubeIDE_1.7.0\STM32CubeIDE\plugins\com.st.stm32cube.common.mx_6.3.0.202107141111\\db\/plugins/boardmanager/
2023-11-02 15:17:05,772 [INFO] DbMcus:258 - Set plugin images path to: C:\ST\STM32CubeIDE_1.7.0\STM32CubeIDE\plugins\com.st.stm32cube.common.mx_6.3.0.202107141111\\db\/plugins/mcufinder/images/
2023-11-02 15:17:05,772 [INFO] DbBoards:264 - Set plugin images path to: C:\ST\STM32CubeIDE_1.7.0\STM32CubeIDE\plugins\com.st.stm32cube.common.mx_6.3.0.202107141111\\db\/plugins/mcufinder/images/
2023-11-02 15:17:05,772 [INFO] DbExamples:333 - Set plugin images path to: C:\ST\STM32CubeIDE_1.7.0\STM32CubeIDE\plugins\com.st.stm32cube.common.mx_6.3.0.202107141111\\db\/plugins/mcufinder/images/
2023-11-02 15:17:05,772 [WARN] DbFile:35 - Overriding database path with different value: C:\Users\nguye\.stmcufinder\plugins\mcufinder/ => C:\Users\nguye\.stmcufinder\plugins\mcufinder
2023-11-02 15:17:05,772 [INFO] DbMcusAds:119 - Set database path to: C:\Users\nguye\.stmcufinder\plugins\mcufinder//mcu/
2023-11-02 15:17:05,772 [WARN] DbFile:35 - Overriding database path with different value: C:\Users\nguye\.stmcufinder\plugins\mcufinder/ => C:\Users\nguye\.stmcufinder\plugins\mcufinder
2023-11-02 15:17:05,772 [INFO] DbMcusDocs:110 - Set database path to: C:\Users\nguye\.stmcufinder\plugins\mcufinder//mcu/
2023-11-02 15:17:05,772 [WARN] DbFile:35 - Overriding database path with different value: C:\Users\nguye\.stmcufinder\plugins\mcufinder/ => C:\Users\nguye\.stmcufinder\plugins\mcufinder
2023-11-02 15:17:05,772 [INFO] DbMcusJson:64 - Set database path to: C:\Users\nguye\.stmcufinder\plugins\mcufinder//mcu/
2023-11-02 15:17:05,772 [WARN] DbFile:35 - Overriding database path with different value: C:\Users\nguye\.stmcufinder\plugins\mcufinder/ => C:\Users\nguye\.stmcufinder\plugins\mcufinder
2023-11-02 15:17:05,772 [INFO] DbBoardsDocs:110 - Set database path to: C:\Users\nguye\.stmcufinder\plugins\mcufinder//mcu/
2023-11-02 15:17:05,772 [WARN] DbFile:35 - Overriding database path with different value: C:\Users\nguye\.stmcufinder\plugins\mcufinder/ => C:\Users\nguye\.stmcufinder\plugins\mcufinder
2023-11-02 15:17:05,772 [INFO] DbBoardsJson:57 - Set database path to: C:\Users\nguye\.stmcufinder\plugins\mcufinder//mcu/
2023-11-02 15:17:05,772 [WARN] DbFile:35 - Overriding database path with different value: C:\Users\nguye\.stmcufinder\plugins\mcufinder/ => C:\Users\nguye\.stmcufinder\plugins\mcufinder
2023-11-02 15:17:05,772 [WARN] DbFile:35 - Overriding database path with different value: C:\Users\nguye\.stmcufinder\plugins\mcufinder/ => C:\Users\nguye\.stmcufinder\plugins\mcufinder
2023-11-02 15:17:06,488 [INFO] CrossReferenceDbSqlite:196 - Set database path to: C:\Users\nguye\.stmcufinder\plugins\mcufinder//mcu/cs/
2023-11-02 15:17:06,488 [WARN] DbFile:35 - Overriding database path with different value: C:\Users\nguye\.stmcufinder\plugins\mcufinder/ => C:\Users\nguye\.stmcufinder\plugins\mcufinder
2023-11-02 15:17:06,488 [INFO] DbExamplesSqlite:767 - Set database path to: C:\Users\nguye\.stmcufinder\plugins\mcufinder//mcu/
2023-11-02 15:17:06,552 [INFO] ApplicationProperties:181 - Using Application install path: C:\ST\STM32CubeIDE_1.7.0\STM32CubeIDE\plugins\com.st.stm32cube.common.mx_6.3.0.202107141111
2023-11-02 15:17:06,552 [INFO] PluginManage:188 - Search for loadable plugins [exclusion list=, ]
2023-11-02 15:17:06,552 [INFO] PluginManage:302 - Check plugin analytics
2023-11-02 15:17:07,593 [INFO] AnalyticsPlugin:257 - Accepted Software Licenses: 
2023-11-02 15:17:07,593 [INFO] AnalyticsPlugin:259 - Accepted CMSIS Pack Licenses: 
2023-11-02 15:17:07,593 [INFO] AnalyticsPlugin:261 - Accepted Firmware Licenses: FW.F4.1.27.0
2023-11-02 15:17:07,608 [INFO] PluginManage:352 - Loaded plugin analytics (category:tool,tabindex:-1)
2023-11-02 15:17:07,608 [INFO] PluginManage:302 - Check plugin clock
2023-11-02 15:17:07,627 [INFO] PluginManage:352 - Loaded plugin clock (category:base,tabindex:2)
2023-11-02 15:17:07,627 [INFO] PluginManage:302 - Check plugin ddr
2023-11-02 15:17:07,632 [INFO] PluginManage:352 - Loaded plugin ddr (category:tool,tabindex:6)
2023-11-02 15:17:07,632 [INFO] PluginManage:302 - Check plugin filemanager
2023-11-02 15:17:07,820 [INFO] PluginManage:352 - Loaded plugin filemanager (category:base,tabindex:10)
2023-11-02 15:17:07,820 [INFO] PluginManage:302 - Check plugin ipmanager
2023-11-02 15:17:07,839 [INFO] PluginManage:352 - Loaded plugin ipmanager (category:base,tabindex:5)
2023-11-02 15:17:07,839 [INFO] PluginManage:302 - Check plugin pinoutandconfiguration
2023-11-02 15:17:07,847 [INFO] PluginManage:352 - Loaded plugin pinoutandconfiguration (category:base,tabindex:1)
2023-11-02 15:17:07,847 [INFO] PluginManage:302 - Check plugin pinoutconfig
2023-11-02 15:17:07,899 [INFO] PluginManage:352 - Loaded plugin pinoutconfig (category:base,tabindex:0)
2023-11-02 15:17:07,900 [INFO] PluginManage:302 - Check plugin power
2023-11-02 15:17:07,920 [INFO] PluginManage:352 - Loaded plugin power (category:power,tabindex:4)
2023-11-02 15:17:07,920 [INFO] PluginManage:302 - Check plugin projectmanager
2023-11-02 15:17:07,943 [INFO] PluginManage:352 - Loaded plugin projectmanager (category:projectmanager,tabindex:3)
2023-11-02 15:17:07,943 [INFO] PluginManage:302 - Check plugin thirdparty
2023-11-02 15:17:08,115 [INFO] PluginManage:352 - Loaded plugin thirdparty (category:base,tabindex:-1)
2023-11-02 15:17:08,115 [WARN] IntegrityCheckThread:78 - waiting for thirdparty lock release [integrity check]
2023-11-02 15:17:08,115 [INFO] PluginManage:302 - Check plugin tools
2023-11-02 15:17:08,131 [INFO] IntegrityCheckThread:80 - entering critical section [integrity check]
2023-11-02 15:17:08,131 [INFO] ThirdPartyUpdaterWithRetryManager:66 - Updater plugin not ready yet. [1/15]
2023-11-02 15:17:08,134 [INFO] PluginManage:352 - Loaded plugin tools (category:base,tabindex:7)
2023-11-02 15:17:08,134 [INFO] PluginManage:302 - Check plugin tutovideos
2023-11-02 15:17:08,465 [INFO] PluginManage:352 - Loaded plugin tutovideos (category:base,tabindex:-1)
2023-11-02 15:17:08,465 [INFO] PluginManage:302 - Check plugin updater
2023-11-02 15:17:08,490 [INFO] PluginManage:352 - Loaded plugin updater (category:base,tabindex:12)
2023-11-02 15:17:08,490 [INFO] PluginManage:275 - PluginManage : Loaded plugins [13]
2023-11-02 15:17:08,736 [INFO] PinOutPanel:1463 - setPackage(No Configuration,No Configuration)
2023-11-02 15:17:08,888 [INFO] IPUIPlugin:74 - create IPUIPlugin
2023-11-02 15:17:08,890 [INFO] PluginManager:213 - loadIPPluginJar : add adc
2023-11-02 15:17:08,893 [INFO] IPUIPlugin:74 - create IPUIPlugin
2023-11-02 15:17:08,893 [INFO] PluginManager:213 - loadIPPluginJar : add aes
2023-11-02 15:17:08,898 [INFO] IPUIPlugin:74 - create IPUIPlugin
2023-11-02 15:17:08,898 [INFO] PluginManager:213 - loadIPPluginJar : add can
2023-11-02 15:17:08,898 [INFO] IPUIPlugin:74 - create IPUIPlugin
2023-11-02 15:17:08,898 [INFO] PluginManager:213 - loadIPPluginJar : add comp
2023-11-02 15:17:08,908 [INFO] IPUIPlugin:74 - create IPUIPlugin
2023-11-02 15:17:08,908 [INFO] PluginManager:213 - loadIPPluginJar : add cryp
2023-11-02 15:17:08,915 [INFO] IPUIPlugin:74 - create IPUIPlugin
2023-11-02 15:17:08,915 [INFO] PluginManager:213 - loadIPPluginJar : add dfsdm
2023-11-02 15:17:08,927 [INFO] IPUIPlugin:74 - create IPUIPlugin
2023-11-02 15:17:08,928 [INFO] PluginManager:213 - loadIPPluginJar : add dma
2023-11-02 15:17:08,931 [INFO] IPUIPlugin:74 - create IPUIPlugin
2023-11-02 15:17:08,931 [INFO] PluginManager:213 - loadIPPluginJar : add dma3
2023-11-02 15:17:08,931 [INFO] IPUIPlugin:74 - create IPUIPlugin
2023-11-02 15:17:08,931 [INFO] PluginManager:213 - loadIPPluginJar : add fatfs
2023-11-02 15:17:08,942 [INFO] IPUIPlugin:74 - create IPUIPlugin
2023-11-02 15:17:08,942 [INFO] PluginManager:213 - loadIPPluginJar : add fmc
2023-11-02 15:17:08,942 [INFO] IPUIPlugin:74 - create IPUIPlugin
2023-11-02 15:17:08,942 [INFO] PluginManager:213 - loadIPPluginJar : add freertos
2023-11-02 15:17:08,958 [INFO] IPUIPlugin:74 - create IPUIPlugin
2023-11-02 15:17:08,959 [INFO] PluginManager:213 - loadIPPluginJar : add genericplugin
2023-11-02 15:17:08,962 [INFO] IPUIPlugin:74 - create IPUIPlugin
2023-11-02 15:17:08,962 [INFO] PluginManager:213 - loadIPPluginJar : add gfxmmu
2023-11-02 15:17:08,967 [INFO] IPUIPlugin:74 - create IPUIPlugin
2023-11-02 15:17:08,967 [INFO] PluginManager:213 - loadIPPluginJar : add gic
2023-11-02 15:17:08,975 [INFO] IPUIPlugin:74 - create IPUIPlugin
2023-11-02 15:17:08,975 [INFO] PluginManager:213 - loadIPPluginJar : add gpio
2023-11-02 15:17:08,975 [INFO] IPUIPlugin:74 - create IPUIPlugin
2023-11-02 15:17:08,975 [INFO] PluginManager:213 - loadIPPluginJar : add gtzc
2023-11-02 15:17:08,975 [INFO] IPUIPlugin:74 - create IPUIPlugin
2023-11-02 15:17:08,975 [INFO] PluginManager:213 - loadIPPluginJar : add hash
2023-11-02 15:17:08,988 [INFO] IPUIPlugin:74 - create IPUIPlugin
2023-11-02 15:17:08,988 [INFO] PluginManager:213 - loadIPPluginJar : add i2c
2023-11-02 15:17:08,992 [INFO] IPUIPlugin:74 - create IPUIPlugin
2023-11-02 15:17:08,992 [INFO] PluginManager:213 - loadIPPluginJar : add i2s
2023-11-02 15:17:08,992 [INFO] IPUIPlugin:74 - create IPUIPlugin
2023-11-02 15:17:08,992 [INFO] PluginManager:213 - loadIPPluginJar : add ipddr
2023-11-02 15:17:09,006 [INFO] IPUIPlugin:74 - create IPUIPlugin
2023-11-02 15:17:09,006 [INFO] PluginManager:213 - loadIPPluginJar : add linkedlist
2023-11-02 15:17:09,014 [INFO] IPUIPlugin:74 - create IPUIPlugin
2023-11-02 15:17:09,014 [INFO] PluginManager:213 - loadIPPluginJar : add lorawan
2023-11-02 15:17:09,014 [INFO] IPUIPlugin:74 - create IPUIPlugin
2023-11-02 15:17:09,017 [INFO] PluginManager:213 - loadIPPluginJar : add ltdc
2023-11-02 15:17:09,021 [INFO] IPUIPlugin:74 - create IPUIPlugin
2023-11-02 15:17:09,021 [INFO] PluginManager:213 - loadIPPluginJar : add mdma
2023-11-02 15:17:09,021 [INFO] IPUIPlugin:74 - create IPUIPlugin
2023-11-02 15:17:09,021 [INFO] PluginManager:213 - loadIPPluginJar : add nvic
2023-11-02 15:17:09,032 [INFO] IPUIPlugin:74 - create IPUIPlugin
2023-11-02 15:17:09,032 [INFO] PluginManager:213 - loadIPPluginJar : add opamp
2023-11-02 15:17:09,037 [INFO] IPUIPlugin:74 - create IPUIPlugin
2023-11-02 15:17:09,037 [INFO] PluginManager:213 - loadIPPluginJar : add openamp
2023-11-02 15:17:09,040 [INFO] IPUIPlugin:74 - create IPUIPlugin
2023-11-02 15:17:09,040 [INFO] PluginManager:213 - loadIPPluginJar : add pdm2pcm
2023-11-02 15:17:09,046 [INFO] IPUIPlugin:74 - create IPUIPlugin
2023-11-02 15:17:09,046 [INFO] PluginManager:213 - loadIPPluginJar : add plateformsettings
2023-11-02 15:17:09,053 [INFO] IPUIPlugin:74 - create IPUIPlugin
2023-11-02 15:17:09,053 [INFO] PluginManager:213 - loadIPPluginJar : add quadspi
2023-11-02 15:17:09,053 [INFO] IPUIPlugin:74 - create IPUIPlugin
2023-11-02 15:17:09,053 [INFO] PluginManager:213 - loadIPPluginJar : add resmgrutility
2023-11-02 15:17:09,053 [INFO] IPUIPlugin:74 - create IPUIPlugin
2023-11-02 15:17:09,053 [INFO] PluginManager:213 - loadIPPluginJar : add sai
2023-11-02 15:17:09,053 [INFO] IPUIPlugin:74 - create IPUIPlugin
2023-11-02 15:17:09,053 [INFO] PluginManager:213 - loadIPPluginJar : add spi
2023-11-02 15:17:09,070 [INFO] IPUIPlugin:74 - create IPUIPlugin
2023-11-02 15:17:09,070 [INFO] PluginManager:213 - loadIPPluginJar : add stm32_wpan
2023-11-02 15:17:09,070 [INFO] IPUIPlugin:74 - create IPUIPlugin
2023-11-02 15:17:09,070 [INFO] PluginManager:213 - loadIPPluginJar : add tim
2023-11-02 15:17:09,070 [INFO] IPUIPlugin:74 - create IPUIPlugin
2023-11-02 15:17:09,070 [INFO] PluginManager:213 - loadIPPluginJar : add touchsensing
2023-11-02 15:17:09,070 [INFO] IPUIPlugin:74 - create IPUIPlugin
2023-11-02 15:17:09,070 [INFO] PluginManager:213 - loadIPPluginJar : add tracer_emb
2023-11-02 15:17:09,086 [INFO] IPUIPlugin:74 - create IPUIPlugin
2023-11-02 15:17:09,086 [INFO] PluginManager:213 - loadIPPluginJar : add ts
2023-11-02 15:17:09,088 [INFO] IPUIPlugin:74 - create IPUIPlugin
2023-11-02 15:17:09,088 [INFO] PluginManager:213 - loadIPPluginJar : add tsc
2023-11-02 15:17:09,092 [INFO] IPUIPlugin:74 - create IPUIPlugin
2023-11-02 15:17:09,092 [INFO] PluginManager:213 - loadIPPluginJar : add ucpd
2023-11-02 15:17:09,097 [INFO] IPUIPlugin:74 - create IPUIPlugin
2023-11-02 15:17:09,097 [INFO] PluginManager:213 - loadIPPluginJar : add usart
2023-11-02 15:17:09,101 [INFO] IPUIPlugin:74 - create IPUIPlugin
2023-11-02 15:17:09,101 [INFO] PluginManager:213 - loadIPPluginJar : add usbx
2023-11-02 15:17:09,499 [FATAL] Updater:294 - Updater called before beeing initialized
2023-11-02 15:17:09,636 [FATAL] Updater:294 - Updater called before beeing initialized
2023-11-02 15:17:09,647 [INFO] DbMcusAds:47 - JSON generation date=Tue Mar 07 15:50:55 ICT 2023 (1678179055335)
2023-11-02 15:17:09,647 [FATAL] Updater:294 - Updater called before beeing initialized
2023-11-02 15:17:09,690 [WARN] DetailPanel:314 - Failed to get advertising image, set to default
2023-11-02 15:17:09,857 [FATAL] Updater:294 - Updater called before beeing initialized
2023-11-02 15:17:09,859 [FATAL] Updater:294 - Updater called before beeing initialized
2023-11-02 15:17:09,859 [FATAL] Updater:294 - Updater called before beeing initialized
2023-11-02 15:17:09,859 [WARN] DetailPanel:314 - Failed to get advertising image, set to default
2023-11-02 15:17:09,862 [FATAL] Updater:294 - Updater called before beeing initialized
2023-11-02 15:17:09,928 [ERROR] Updater:1075 - MainUpdater not yet initialized. External WinMGr cannot be set.
2023-11-02 15:17:09,928 [INFO] Updater:1012 - Updater Version found : 6.3.0
2023-11-02 15:17:09,954 [INFO] ApplicationProperties:181 - Using Application install path: C:\ST\STM32CubeIDE_1.7.0\STM32CubeIDE\plugins\com.st.stm32cube.common.mx_6.3.0.202107141111
2023-11-02 15:17:10,298 [INFO] MainUpdater:2671 - connection check result : 10
2023-11-02 15:17:10,298 [INFO] MainUpdater:265 - Updater Check For Update Now.
2023-11-02 15:17:10,306 [INFO] MicroXplorer:478 - Change Database Version : DB.6.0.30
2023-11-02 15:17:10,468 [INFO] CheckServerUpdateThread:112 - End of CheckServer Thread
2023-11-02 15:17:10,528 [INFO] MainUpdater:2671 - connection check result : 10
2023-11-02 15:17:10,535 [INFO] McuFinderGlobals:52 - Set McuFinderConnectedMode to true
2023-11-02 15:17:11,004 [INFO] ServerAccessManage:362 - Download File mcusAds.json._tmp_
2023-11-02 15:17:11,119 [INFO] LoadUrlFilesThread:145 - End of LoadUrlFiles Thread
2023-11-02 15:17:11,145 [WARN] MainUpdater:1122 - Updater busy. Cannot search thirdparties
2023-11-02 15:17:11,145 [INFO] ThirdPartyUpdaterWithRetryManager:92 - Updater plugin is busy. [1/15]
2023-11-02 15:17:12,195 [INFO] ServerAccessManage:362 - Download File mcusDocs.json._tmp_
2023-11-02 15:17:13,050 [INFO] LoadUrlFilesThread:145 - End of LoadUrlFiles Thread
2023-11-02 15:17:13,414 [INFO] ServerAccessManage:362 - Download File mcusFeaturesAndDescription.json._tmp_
2023-11-02 15:17:14,145 [WARN] MainUpdater:1122 - Updater busy. Cannot search thirdparties
2023-11-02 15:17:14,145 [INFO] ThirdPartyUpdaterWithRetryManager:92 - Updater plugin is busy. [2/15]
2023-11-02 15:17:17,148 [WARN] MainUpdater:1122 - Updater busy. Cannot search thirdparties
2023-11-02 15:17:17,148 [INFO] ThirdPartyUpdaterWithRetryManager:92 - Updater plugin is busy. [3/15]
2023-11-02 15:17:20,153 [WARN] MainUpdater:1122 - Updater busy. Cannot search thirdparties
2023-11-02 15:17:20,153 [INFO] ThirdPartyUpdaterWithRetryManager:92 - Updater plugin is busy. [4/15]
2023-11-02 15:17:23,166 [WARN] MainUpdater:1122 - Updater busy. Cannot search thirdparties
2023-11-02 15:17:23,166 [INFO] ThirdPartyUpdaterWithRetryManager:92 - Updater plugin is busy. [5/15]
2023-11-02 15:17:26,169 [WARN] MainUpdater:1122 - Updater busy. Cannot search thirdparties
2023-11-02 15:17:26,169 [INFO] ThirdPartyUpdaterWithRetryManager:92 - Updater plugin is busy. [6/15]
2023-11-02 15:17:29,183 [WARN] MainUpdater:1122 - Updater busy. Cannot search thirdparties
2023-11-02 15:17:29,183 [INFO] ThirdPartyUpdaterWithRetryManager:92 - Updater plugin is busy. [7/15]
2023-11-02 15:17:32,192 [WARN] MainUpdater:1122 - Updater busy. Cannot search thirdparties
2023-11-02 15:17:32,192 [INFO] ThirdPartyUpdaterWithRetryManager:92 - Updater plugin is busy. [8/15]
2023-11-02 15:17:35,206 [WARN] MainUpdater:1122 - Updater busy. Cannot search thirdparties
2023-11-02 15:17:35,206 [INFO] ThirdPartyUpdaterWithRetryManager:92 - Updater plugin is busy. [9/15]
2023-11-02 15:17:38,216 [WARN] MainUpdater:1122 - Updater busy. Cannot search thirdparties
2023-11-02 15:17:38,235 [INFO] ThirdPartyUpdaterWithRetryManager:92 - Updater plugin is busy. [10/15]
2023-11-02 15:17:41,247 [WARN] MainUpdater:1122 - Updater busy. Cannot search thirdparties
2023-11-02 15:17:41,247 [INFO] ThirdPartyUpdaterWithRetryManager:92 - Updater plugin is busy. [11/15]
2023-11-02 15:17:44,257 [WARN] MainUpdater:1122 - Updater busy. Cannot search thirdparties
2023-11-02 15:17:44,257 [INFO] ThirdPartyUpdaterWithRetryManager:92 - Updater plugin is busy. [12/15]
2023-11-02 15:17:47,262 [WARN] MainUpdater:1122 - Updater busy. Cannot search thirdparties
2023-11-02 15:17:47,262 [INFO] ThirdPartyUpdaterWithRetryManager:92 - Updater plugin is busy. [13/15]
2023-11-02 15:17:50,271 [WARN] MainUpdater:1122 - Updater busy. Cannot search thirdparties
2023-11-02 15:17:50,271 [INFO] ThirdPartyUpdaterWithRetryManager:92 - Updater plugin is busy. [14/15]
2023-11-02 15:17:53,272 [WARN] MainUpdater:1122 - Updater busy. Cannot search thirdparties
2023-11-02 15:17:53,308 [INFO] ThirdPartyUpdaterWithRetryManager:92 - Updater plugin is busy. [15/15]
2023-11-02 15:17:53,308 [ERROR] IntegrityCheckThread:124 - Cannot retrieve database content from updater: error -1
2023-11-02 15:17:53,308 [INFO] ThirdParty:915 - Integrity check success = false
2023-11-02 15:17:53,308 [INFO] IntegrityCheckThread:94 - exiting critical section [integrity check]
2023-11-02 15:17:53,308 [INFO] IntegrityCheckThread:97 - End integrity checks thread
2023-11-02 15:18:25,648 [INFO] LoadUrlFilesThread:145 - End of LoadUrlFiles Thread
2023-11-02 15:18:26,045 [INFO] ServerAccessManage:362 - Download File boardsDocs.json._tmp_
2023-11-02 15:18:26,239 [INFO] LoadUrlFilesThread:145 - End of LoadUrlFiles Thread
2023-11-02 15:18:26,640 [INFO] ServerAccessManage:362 - Download File boards.json._tmp_
2023-11-02 15:18:28,990 [INFO] LoadUrlFilesThread:145 - End of LoadUrlFiles Thread
2023-11-02 15:18:30,424 [INFO] ServerAccessManage:362 - Download File cube-finder-db.zip
2023-11-02 15:22:49,054 [INFO] FileExtend:235 - Unzip File : cube-finder-db.zip
2023-11-02 15:22:49,054 [INFO] FileExtend:250 - Standard Zip Deflate
2023-11-02 15:22:49,954 [INFO] LoadUrlFilesThread:145 - End of LoadUrlFiles Thread
2023-11-02 15:22:53,590 [INFO] ServerAccessManage:362 - Download File crdb.zip
2023-11-02 15:22:55,679 [INFO] FileExtend:235 - Unzip File : crdb.zip
2023-11-02 15:22:55,679 [INFO] FileExtend:250 - Standard Zip Deflate
2023-11-02 15:22:55,836 [INFO] LoadUrlFilesThread:145 - End of LoadUrlFiles Thread
2023-11-02 15:22:56,166 [INFO] ServerAccessManage:362 - Download File tutoVideoDB.zip
2023-11-02 15:22:56,245 [INFO] FileExtend:235 - Unzip File : tutoVideoDB.zip
2023-11-02 15:22:56,245 [INFO] FileExtend:250 - Standard Zip Deflate
2023-11-02 15:22:56,361 [INFO] LoadUrlFilesThread:145 - End of LoadUrlFiles Thread
2023-11-02 15:22:56,367 [INFO] DbMcusAds:47 - JSON generation date=Tue Mar 07 15:50:55 ICT 2023 (1678179055335)
2023-11-02 15:22:56,417 [INFO] DbMcusDocs:143 - JSON generation date=Tue Nov 16 23:17:54 ICT 2021 (1637079474)
2023-11-02 15:22:56,417 [INFO] DbMcusXml:100 - Load MCU database from C:\ST\STM32CubeIDE_1.7.0\STM32CubeIDE\plugins\com.st.stm32cube.common.mx_6.3.0.202107141111\\db\/mcu/families.xml
2023-11-02 15:22:57,456 [INFO] DbMcusJson:93 - JSON generation date=Tue Nov 16 23:17:54 ICT 2021 (1637079474)
2023-11-02 15:22:58,231 [INFO] DbMcus:175 - Found 1951 MCUs (1903 are supported by CubeMX, 1914 are visible in CubeMX)
2023-11-02 15:22:58,231 [INFO] ApiDb:251 - Load user favorites file C:\Users\nguye/.stm32cubeide/favorites.mcus.txt: 0 item(s)
2023-11-02 15:22:58,231 [INFO] ApiDb:255 - User favorites MCUs=[]
2023-11-02 15:22:58,231 [INFO] DbMcus:187 - Set 0 / 0 favorites MCUs
2023-11-02 15:22:58,610 [INFO] DbMcusDocs:79 - Found 682 MCUs documents
2023-11-02 15:22:58,626 [INFO] ApiDb:276 - Save user favorites file C:\Users\nguye/.stm32cubeide/favorites.mcus.txt: 0 item(s)
2023-11-02 15:22:58,626 [INFO] ApiDb:280 - User favorites MCUs=[]
2023-11-02 15:22:58,626 [INFO] DbMcusXml:100 - Load MCU database from C:\ST\STM32CubeIDE_1.7.0\STM32CubeIDE\plugins\com.st.stm32cube.common.mx_6.3.0.202107141111\\db\/mcu/families.xml
2023-11-02 15:22:59,414 [INFO] DbMcusJson:93 - JSON generation date=Tue Nov 16 23:17:54 ICT 2021 (1637079474)
2023-11-02 15:23:00,096 [INFO] DbMcus:175 - Found 1951 MCUs (1903 are supported by CubeMX, 1914 are visible in CubeMX)
2023-11-02 15:23:00,096 [INFO] ApiDb:251 - Load user favorites file C:\Users\nguye/.stm32cubeide/favorites.mcus.txt: 0 item(s)
2023-11-02 15:23:00,096 [INFO] ApiDb:255 - User favorites MCUs=[]
2023-11-02 15:23:00,096 [INFO] DbMcus:187 - Set 0 / 0 favorites MCUs
2023-11-02 15:23:00,114 [INFO] DbBoardsDocs:143 - JSON generation date=Tue Nov 16 23:17:54 ICT 2021 (1637079474)
2023-11-02 15:23:00,128 [INFO] DbBoardsPdsc:90 - Found 25 items
2023-11-02 15:23:00,128 [INFO] DbBoardsPdsc:90 - Found 9 items
2023-11-02 15:23:00,128 [INFO] DbBoardsPdsc:90 - Found 33 items
2023-11-02 15:23:00,128 [INFO] DbBoardsPdsc:90 - Found 1 items
2023-11-02 15:23:00,143 [INFO] DbBoardsPdsc:90 - Found 48 items
2023-11-02 15:23:00,159 [INFO] DbBoardsPdsc:90 - Found 43 items
2023-11-02 15:23:00,159 [INFO] DbBoardsPdsc:90 - Found 2 items
2023-11-02 15:23:00,159 [INFO] DbBoardsPdsc:90 - Found 5 items
2023-11-02 15:23:00,159 [WARN] DbBoardsPdsc:254 - Board STM32H7B3I-DK: unknown feature type=Audio, name=, username=Audio stereo codec with Headphone Amp (CS42L51-CNZ), n=1
2023-11-02 15:23:00,159 [WARN] DbBoardsPdsc:254 - Board STM32H735G-DK: unknown feature type=Audio, name=, username=Audio stereo codec with Headphone Amp (WM8994ECS/R), n=1
2023-11-02 15:23:00,159 [WARN] DbBoardsPdsc:254 - Board STM32H7B3I-EVAL: unknown feature type=Audio, name=, username=Multi-Channel Audio Codec (CS42L51-CNZ), n=1
2023-11-02 15:23:00,159 [WARN] DbBoardsPdsc:254 - Board STM32H7B3I-EVAL: unknown feature type=Meter, name=, username=Power-metering and Temperature-monitoring with sigma-delta modulators, n=1
2023-11-02 15:23:00,159 [WARN] DbBoardsPdsc:254 - Board STM32H7B3I-EVAL: unknown feature type=Motor, name=, username=Motor Control, n=1
2023-11-02 15:23:00,159 [WARN] DbBoardsPdsc:254 - Board STM32U575I-EV: unknown feature type=joystick, name=, username=4-direction joystick with selection button, n=1
2023-11-02 15:23:00,190 [INFO] DbBoardsJson:86 - JSON generation date=Tue Nov 16 23:17:54 ICT 2021 (1637079474)
2023-11-02 15:23:00,190 [INFO] DbBoards:117 - Found 167 boards (163 are supported by CubeMX)
2023-11-02 15:23:00,190 [INFO] DbBoardsDocs:143 - JSON generation date=Tue Nov 16 23:17:54 ICT 2021 (1637079474)
2023-11-02 15:23:00,206 [INFO] DbBoardsDocs:79 - Found 209 boards documents
2023-11-02 15:23:00,206 [WARN] DbBoards:127 - board B-L475E-IOT01A2 has no document id list !
2023-11-02 15:23:00,206 [WARN] DbBoards:127 - board NUCLEO-H743ZI has no document id list !
2023-11-02 15:23:00,206 [WARN] DbBoards:127 - board NUCLEO-WL55JC2 has no document id list !
2023-11-02 15:23:00,206 [WARN] DbBoards:127 - board P-NUCLEO-WB55-Nucleo has no document id list !
2023-11-02 15:23:00,206 [WARN] DbBoards:127 - board P-NUCLEO-WB55-USBDongle has no document id list !
2023-11-02 15:23:00,206 [WARN] DbBoards:127 - board STEVAL-BFA001V1B has no document id list !
2023-11-02 15:23:00,206 [WARN] DbBoards:127 - board STEVAL-BFA001V2B has no document id list !
2023-11-02 15:23:00,206 [WARN] DbBoards:127 - board STEVAL-IDP005V1 has no document id list !
2023-11-02 15:23:00,206 [WARN] DbBoards:127 - board STEVAL-IDP005V2 has no document id list !
2023-11-02 15:23:00,206 [WARN] DbBoards:127 - board STEVAL-MKSBOX1V1 has no document id list !
2023-11-02 15:23:00,206 [WARN] DbBoards:127 - board STEVAL-STWINKT1 has no document id list !
2023-11-02 15:23:00,206 [WARN] DbBoards:127 - board STEVAL-STWINKT1B has no document id list !
2023-11-02 15:23:00,206 [WARN] DbBoards:127 - board STM32439I-EVAL2 has no document id list !
2023-11-02 15:23:00,206 [WARN] DbBoards:127 - board STM32F401C-DISCO has no document id list !
2023-11-02 15:23:00,206 [WARN] DbBoards:127 - board STM32F769I-DISC1 has no document id list !
2023-11-02 15:23:00,206 [WARN] DbBoards:127 - board STM32G474E-EVAL1 has no document id list !
2023-11-02 15:23:00,206 [WARN] DbBoards:127 - board STM32H743I-EVAL2 has no document id list !
2023-11-02 15:23:00,206 [WARN] DbBoards:127 - board STM32H747I-DISC1 has no document id list !
2023-11-02 15:23:00,206 [WARN] DbBoards:127 - board STM32H753I-EVAL2 has no document id list !
2023-11-02 15:23:00,206 [WARN] DbBoards:127 - board STM32L-DISCOVERY has no document id list !
2023-11-02 15:23:00,394 [ERROR] DbBoards:189 - Image file not found for board B-U585I-IOT02A: C:\ST\STM32CubeIDE_1.7.0\STM32CubeIDE\plugins\com.st.stm32cube.common.mx_6.3.0.202107141111\\db\/plugins/mcufinder/images/boards/B-U585I-IOT02A_small.jpg
2023-11-02 15:23:00,535 [ERROR] DbBoards:189 - Image file not found for board NUCLEO-F413ZH: C:\ST\STM32CubeIDE_1.7.0\STM32CubeIDE\plugins\com.st.stm32cube.common.mx_6.3.0.202107141111\\db\/plugins/mcufinder/images/boards/nucleo-f413zh_small.jpg
2023-11-02 15:23:00,772 [ERROR] DbBoards:189 - Image file not found for board NUCLEO-L552ZE-Q: C:\ST\STM32CubeIDE_1.7.0\STM32CubeIDE\plugins\com.st.stm32cube.common.mx_6.3.0.202107141111\\db\/plugins/mcufinder/images/boards/nucleo_l552ze_q_small.jpg
2023-11-02 15:23:00,772 [ERROR] DbBoards:189 - Image file not found for board NUCLEO-U575ZI-Q: C:\ST\STM32CubeIDE_1.7.0\STM32CubeIDE\plugins\com.st.stm32cube.common.mx_6.3.0.202107141111\\db\/plugins/mcufinder/images/boards/nucleo-u575zi-q_small.jpg
2023-11-02 15:23:00,787 [ERROR] DbBoards:189 - Image file not found for board NUCLEO-WB15CC: C:\ST\STM32CubeIDE_1.7.0\STM32CubeIDE\plugins\com.st.stm32cube.common.mx_6.3.0.202107141111\\db\/plugins/mcufinder/images/boards/nucleo-wb15cc_small.jpg
2023-11-02 15:23:00,787 [ERROR] DbBoards:189 - Image file not found for board NUCLEO-WB55RG: C:\ST\STM32CubeIDE_1.7.0\STM32CubeIDE\plugins\com.st.stm32cube.common.mx_6.3.0.202107141111\\db\/plugins/mcufinder/images/boards/nucleo-wb55rg_small.jpg
2023-11-02 15:23:02,291 [INFO] ApiDb:251 - Load user favorites file C:\Users\nguye/.stm32cubeide/favorites.boards.txt: 0 item(s)
2023-11-02 15:23:02,291 [INFO] ApiDb:255 - User favorites Boards=[]
2023-11-02 15:23:02,291 [INFO] DbBoards:206 - Set 0 / 0 favorites Boards
2023-11-02 15:23:02,291 [INFO] DbBoardsDocs:79 - Found 418 boards documents
2023-11-02 15:23:02,291 [INFO] ApiDb:276 - Save user favorites file C:\Users\nguye/.stm32cubeide/favorites.boards.txt: 0 item(s)
2023-11-02 15:23:02,291 [INFO] ApiDb:280 - User favorites Boards=[]
2023-11-02 15:23:02,307 [INFO] DbBoardsPdsc:90 - Found 25 items
2023-11-02 15:23:02,307 [INFO] DbBoardsPdsc:90 - Found 9 items
2023-11-02 15:23:02,307 [INFO] DbBoardsPdsc:90 - Found 33 items
2023-11-02 15:23:02,307 [INFO] DbBoardsPdsc:90 - Found 1 items
2023-11-02 15:23:02,307 [INFO] DbBoardsPdsc:90 - Found 48 items
2023-11-02 15:23:02,321 [INFO] DbBoardsPdsc:90 - Found 43 items
2023-11-02 15:23:02,325 [INFO] DbBoardsPdsc:90 - Found 2 items
2023-11-02 15:23:02,327 [INFO] DbBoardsPdsc:90 - Found 5 items
2023-11-02 15:23:02,329 [WARN] DbBoardsPdsc:254 - Board STM32H7B3I-DK: unknown feature type=Audio, name=, username=Audio stereo codec with Headphone Amp (CS42L51-CNZ), n=1
2023-11-02 15:23:02,329 [WARN] DbBoardsPdsc:254 - Board STM32H735G-DK: unknown feature type=Audio, name=, username=Audio stereo codec with Headphone Amp (WM8994ECS/R), n=1
2023-11-02 15:23:02,331 [WARN] DbBoardsPdsc:254 - Board STM32H7B3I-EVAL: unknown feature type=Audio, name=, username=Multi-Channel Audio Codec (CS42L51-CNZ), n=1
2023-11-02 15:23:02,331 [WARN] DbBoardsPdsc:254 - Board STM32H7B3I-EVAL: unknown feature type=Meter, name=, username=Power-metering and Temperature-monitoring with sigma-delta modulators, n=1
2023-11-02 15:23:02,331 [WARN] DbBoardsPdsc:254 - Board STM32H7B3I-EVAL: unknown feature type=Motor, name=, username=Motor Control, n=1
2023-11-02 15:23:02,331 [WARN] DbBoardsPdsc:254 - Board STM32U575I-EV: unknown feature type=joystick, name=, username=4-direction joystick with selection button, n=1
2023-11-02 15:23:02,337 [INFO] DbBoardsJson:86 - JSON generation date=Tue Nov 16 23:17:54 ICT 2021 (1637079474)
2023-11-02 15:23:02,355 [INFO] DbBoards:117 - Found 167 boards (163 are supported by CubeMX)
2023-11-02 15:23:02,355 [WARN] DbBoards:127 - board B-L475E-IOT01A2 has no document id list !
2023-11-02 15:23:02,355 [WARN] DbBoards:127 - board NUCLEO-H743ZI has no document id list !
2023-11-02 15:23:02,355 [WARN] DbBoards:127 - board NUCLEO-WL55JC2 has no document id list !
2023-11-02 15:23:02,355 [WARN] DbBoards:127 - board P-NUCLEO-WB55-Nucleo has no document id list !
2023-11-02 15:23:02,355 [WARN] DbBoards:127 - board P-NUCLEO-WB55-USBDongle has no document id list !
2023-11-02 15:23:02,355 [WARN] DbBoards:127 - board STEVAL-BFA001V1B has no document id list !
2023-11-02 15:23:02,355 [WARN] DbBoards:127 - board STEVAL-BFA001V2B has no document id list !
2023-11-02 15:23:02,355 [WARN] DbBoards:127 - board STEVAL-IDP005V1 has no document id list !
2023-11-02 15:23:02,355 [WARN] DbBoards:127 - board STEVAL-IDP005V2 has no document id list !
2023-11-02 15:23:02,355 [WARN] DbBoards:127 - board STEVAL-MKSBOX1V1 has no document id list !
2023-11-02 15:23:02,355 [WARN] DbBoards:127 - board STEVAL-STWINKT1 has no document id list !
2023-11-02 15:23:02,355 [WARN] DbBoards:127 - board STEVAL-STWINKT1B has no document id list !
2023-11-02 15:23:02,355 [WARN] DbBoards:127 - board STM32439I-EVAL2 has no document id list !
2023-11-02 15:23:02,355 [WARN] DbBoards:127 - board STM32F401C-DISCO has no document id list !
2023-11-02 15:23:02,355 [WARN] DbBoards:127 - board STM32F769I-DISC1 has no document id list !
2023-11-02 15:23:02,355 [WARN] DbBoards:127 - board STM32G474E-EVAL1 has no document id list !
2023-11-02 15:23:02,355 [WARN] DbBoards:127 - board STM32H743I-EVAL2 has no document id list !
2023-11-02 15:23:02,355 [WARN] DbBoards:127 - board STM32H747I-DISC1 has no document id list !
2023-11-02 15:23:02,355 [WARN] DbBoards:127 - board STM32H753I-EVAL2 has no document id list !
2023-11-02 15:23:02,355 [WARN] DbBoards:127 - board STM32L-DISCOVERY has no document id list !
2023-11-02 15:23:02,463 [ERROR] DbBoards:189 - Image file not found for board B-U585I-IOT02A: C:\ST\STM32CubeIDE_1.7.0\STM32CubeIDE\plugins\com.st.stm32cube.common.mx_6.3.0.202107141111\\db\/plugins/mcufinder/images/boards/B-U585I-IOT02A_small.jpg
2023-11-02 15:23:02,572 [ERROR] DbBoards:189 - Image file not found for board NUCLEO-F413ZH: C:\ST\STM32CubeIDE_1.7.0\STM32CubeIDE\plugins\com.st.stm32cube.common.mx_6.3.0.202107141111\\db\/plugins/mcufinder/images/boards/nucleo-f413zh_small.jpg
2023-11-02 15:23:02,793 [ERROR] DbBoards:189 - Image file not found for board NUCLEO-L552ZE-Q: C:\ST\STM32CubeIDE_1.7.0\STM32CubeIDE\plugins\com.st.stm32cube.common.mx_6.3.0.202107141111\\db\/plugins/mcufinder/images/boards/nucleo_l552ze_q_small.jpg
2023-11-02 15:23:02,793 [ERROR] DbBoards:189 - Image file not found for board NUCLEO-U575ZI-Q: C:\ST\STM32CubeIDE_1.7.0\STM32CubeIDE\plugins\com.st.stm32cube.common.mx_6.3.0.202107141111\\db\/plugins/mcufinder/images/boards/nucleo-u575zi-q_small.jpg
2023-11-02 15:23:02,793 [ERROR] DbBoards:189 - Image file not found for board NUCLEO-WB15CC: C:\ST\STM32CubeIDE_1.7.0\STM32CubeIDE\plugins\com.st.stm32cube.common.mx_6.3.0.202107141111\\db\/plugins/mcufinder/images/boards/nucleo-wb15cc_small.jpg
2023-11-02 15:23:02,793 [ERROR] DbBoards:189 - Image file not found for board NUCLEO-WB55RG: C:\ST\STM32CubeIDE_1.7.0\STM32CubeIDE\plugins\com.st.stm32cube.common.mx_6.3.0.202107141111\\db\/plugins/mcufinder/images/boards/nucleo-wb55rg_small.jpg
2023-11-02 15:23:03,705 [INFO] ApiDb:251 - Load user favorites file C:\Users\nguye/.stm32cubeide/favorites.boards.txt: 0 item(s)
2023-11-02 15:23:03,705 [INFO] ApiDb:255 - User favorites Boards=[]
2023-11-02 15:23:03,705 [INFO] DbBoards:206 - Set 0 / 0 favorites Boards
2023-11-02 15:23:03,768 [INFO] LoadUrlFilesThread:172 - End of LoadServerUrlFiles without Thread
2023-11-02 15:23:03,768 [INFO] TargetSelectorAdapter:224 - Refresh data is successful
2023-11-02 15:23:03,972 [INFO] ApiDb:479 - Connected to CubeFinder SQLite database (C:\Users\nguye\.stmcufinder\plugins\mcufinder\mcu\cube-finder-db.db)
2023-11-02 15:23:05,111 [ERROR] DbExamplesSqlite:446 - Missing JSON key: board_cpn
2023-11-02 15:23:05,111 [ERROR] DbExamplesSqlite:446 - Missing JSON key: board_cpn
2023-11-02 15:23:05,111 [ERROR] DbExamplesSqlite:446 - Missing JSON key: board_cpn
2023-11-02 15:23:05,111 [ERROR] DbExamplesSqlite:446 - Missing JSON key: board_cpn
2023-11-02 15:23:05,129 [INFO] DbExamplesSqlite:411 - Ignored 27 examples not supported by CubeIDE
2023-11-02 15:23:05,129 [INFO] DbExamplesSqlite:412 - Found 7221 examples active
2023-11-02 15:23:05,129 [INFO] DbExamplesSqlite:413 - Found 777 examples obsolete
2023-11-02 15:23:05,129 [INFO] DbExamplesSqlite:414 - Found 0 examples under development
2023-11-02 15:23:05,129 [INFO] DbExamplesSqlite:415 - Found 74 examples not building
2023-11-02 15:23:05,193 [INFO] DbExamplesSqlite:108 - CubeFinder database Data Model version=2.1
2023-11-02 15:23:05,193 [INFO] DbExamplesSqlite:109 - CubeFinder database Configuration version=3.0.37
2023-11-02 15:23:05,194 [INFO] DbExamplesSqlite:110 - CubeFinder database generation date=2023-10-13 (1697197505)
2023-11-02 15:23:05,194 [INFO] DbExamplesSqlite:111 - CubeFinder database FW Pack versions=[FP-ATR-ASTRA1_V2.0.0, FP-SNS-FLIGHT1_V5.0.1, FP-SNS-FLIGHT1_V5.0.2, FP-SNS-MOTENV1_V4.3.1, FP-SNS-MOTENV1_V4.3.2, FP-SNS-SMARTAG2_V1.2.0, I-CUBE-ITTIADB_V8.6.3-1, STM32Cube_FW_C0_V1.1.0, STM32Cube_FW_F4_V1.27.1, STM32Cube_FW_F7_V1.17.0, STM32Cube_FW_G0_V1.6.1, STM32Cube_FW_G4_V1.5.1, STM32Cube_FW_H5_V0.5.1, STM32Cube_FW_H5_V1.1.1, STM32Cube_FW_H7_V1.11.0, STM32Cube_FW_L0_V1.12.2, STM32Cube_FW_L5_V1.5.0, STM32Cube_FW_U5_V1.3.0, STM32Cube_FW_U5_V1.3.0RC4, STM32Cube_FW_WBA_V1.0.0RC1, STM32Cube_FW_WBA_V1.1.0RC1, STM32Cube_FW_WBA_V1.1.1, STM32Cube_FW_WB_V1.15.0RC1, STM32Cube_FW_WB_V1.16.0, STM32Cube_FW_WB_V1.16.0RC2, STM32Cube_FW_WB_V1.17.3, STM32Cube_FW_WL_V1.3.0, X-CUBE-ALGOBUILD_V1.3.0, X-CUBE-ALS_V1.0.1, X-CUBE-AZRTOS-F4_V1.1.0, X-CUBE-AZRTOS-F7_V1.1.0, X-CUBE-AZRTOS-G0_V1.1.0, X-CUBE-AZRTOS-G4_V2.0.0, X-CUBE-AZRTOS-H7_V3.1.0, X-CUBE-AZRTOS-L4_V1.0.0, X-CUBE-AZRTOS-L4_V2.0.0, X-CUBE-AZRTOS-L5_V1.1.0, X-CUBE-AZRTOS-WB_V2.0.0, X-CUBE-AZRTOS-WL_V2.0.0, X-CUBE-BLE1_V7.0.0, X-CUBE-BLE2_V3.3.0, X-CUBE-BLEMGR_V2.0.0, X-CUBE-EEPRMA1_V4.1.0, X-CUBE-FREERTOS_V1.1.0, X-CUBE-GNSS1_V6.0.0, X-CUBE-MEMS1_V10.0.0, X-CUBE-MEMS1_V9.1.0, X-CUBE-MEMS1_V9.4.0, X-CUBE-MEMS1_V9.6.0, X-CUBE-NFC4_V3.0.0, X-CUBE-NFC7_V1.0.1, X-CUBE-SFXS2LP1_V4.0.0, X-CUBE-SUBG2_V5.0.0, X-CUBE-TOF1_V3.3.1]
2023-11-02 15:23:05,194 [INFO] DbExamples:130 - Found 7268 examples
2023-11-02 15:23:06,033 [ERROR] DbExamples:206 - Found 7268 examples with invalid data (board or MCU)
2023-11-02 15:23:06,033 [INFO] DbExamples:222 - Found 79 boards with related examples
2023-11-02 15:23:06,033 [INFO] DbExamples:235 - Found 0 MCUs with related examples
2023-11-02 15:23:06,050 [INFO] ApiDb:242 - User favorites file not found: C:\Users\nguye/.stm32cubeide/favorites.examples.txt
2023-11-02 15:23:06,050 [INFO] DbExamples:256 - Set 0 / 0 favorites Examples
2023-11-02 15:23:06,235 [INFO] McuFinderGlobals:52 - Set McuFinderConnectedMode to false
2023-11-02 15:23:06,334 [INFO] CrossSelectorPresenter:1330 - Cross Selector saved comparison directory: C:\Users\nguye\.stmcufinder\plugins\mcufinder\mcu\cs_comparisons_mx
2023-11-02 15:23:06,340 [INFO] MultiScanPanel:197 - Auto-refresh data requested => check proxy status ongoing
2023-11-02 15:23:06,340 [INFO] MultiScanPanel:201 - Proxy status is invalid
2023-11-02 15:23:06,344 [INFO] FinderPluginLoader:87 - Searching for filters in installed packs
2023-11-02 15:23:06,814 [INFO] DetailPanel:309 - Set advertising image to C:/Users/nguye/STM32Cube/Repository/\en.prom-stm32h5-mcu-finder.jpg
2023-11-02 15:23:34,935 [INFO] MainUpdater:2671 - connection check result : 10
2023-11-02 15:23:34,935 [INFO] MainUpdater:2671 - connection check result : 10
2023-11-02 15:23:34,993 [INFO] MicroXplorer:448 - Change Database Path : 
2023-11-02 15:23:34,993 [INFO] MicroXplorer:478 - Change Database Version : DB.6.0.30
2023-11-02 15:23:34,993 [WARN] ThirdParty:813 - waiting for thirdparty lock release [close project]
2023-11-02 15:23:34,993 [INFO] ThirdParty:815 - entering critical section [close project]
2023-11-02 15:23:34,997 [INFO] ThirdParty:825 - exiting critical section [close project]
2023-11-02 15:23:34,999 [INFO] PinOutPanel:1463 - setPackage(No Configuration,No Configuration)
2023-11-02 15:23:35,002 [INFO] UtilMem:74 - Begin LoadConfig() Used Memory: 855774112 Bytes (1073741824)
2023-11-02 15:23:35,002 [INFO] MicroXplorer:448 - Change Database Path : 
2023-11-02 15:23:35,002 [INFO] MicroXplorer:478 - Change Database Version : DB.6.0.30
2023-11-02 15:23:35,002 [INFO] OpenFileManager:313 - Change cursor
2023-11-02 15:23:35,030 [WARN] IntegrityCheckThread:78 - waiting for thirdparty lock release [integrity check]
2023-11-02 15:23:35,030 [INFO] IntegrityCheckThread:80 - entering critical section [integrity check]
2023-11-02 15:23:35,234 [ERROR] Engine:463 - C:\Users\nguye\.stm32cubemx\thirdparties\pdsc\STMicroelectronics.X-CUBE-SMBUS.2.1.0.pdsc: PDSC version is not supported
2023-11-02 15:23:35,304 [WARN] PackLoader:238 - Cannot read IP mode file for STMicroelectronics.X-CUBE-AZRTOS-F7.1.1.0
2023-11-02 15:23:35,314 [ERROR] Engine:463 - C:\Users\nguye\.stm32cubemx\thirdparties\pdsc\STMicroelectronics.FP-SNS-MOTENV1.4.3.2.pdsc: PDSC version is not supported
2023-11-02 15:23:35,320 [ERROR] Engine:463 - C:\Users\nguye\.stm32cubemx\thirdparties\pdsc\STMicroelectronics.FP-SNS-FLIGHT1.5.0.2.pdsc: PDSC version is not supported
2023-11-02 15:23:35,320 [ERROR] Engine:463 - C:\Users\nguye\.stm32cubemx\thirdparties\pdsc\STMicroelectronics.X-CUBE-DISPLAY.3.0.0.pdsc: PDSC version is not supported
2023-11-02 15:23:35,339 [WARN] PackLoader:238 - Cannot read IP mode file for STMicroelectronics.X-CUBE-BLE1.7.0.0
2023-11-02 15:23:35,345 [ERROR] Engine:463 - C:\Users\nguye\.stm32cubemx\thirdparties\pdsc\emotas.I-CUBE-CANOPEN.1.3.0.pdsc: PDSC version is not supported
2023-11-02 15:23:35,347 [WARN] PackLoader:238 - Cannot read IP mode file for STMicroelectronics.X-CUBE-TOUCHGFX.4.22.0
2023-11-02 15:23:35,355 [WARN] PackLoader:238 - Cannot read IP mode file for STMicroelectronics.X-CUBE-TOUCHGFX.4.22.1
2023-11-02 15:23:35,355 [ERROR] Engine:463 - C:\Users\nguye\.stm32cubemx\thirdparties\pdsc\STMicroelectronics.FP-SNS-SMARTAG2.1.2.0.pdsc: PDSC version is not supported
2023-11-02 15:23:35,368 [INFO] LogOutputStream:76 - [STDOUT_REDIRECT] 1 : Invalid condition id : UX_CORESTACK_Condition cause : null
2023-11-02 15:23:35,371 [INFO] LogOutputStream:76 - [STDOUT_REDIRECT] 1 : Invalid condition id : UX_CORESTACK_Condition cause : null
2023-11-02 15:23:35,371 [INFO] LogOutputStream:76 - [STDOUT_REDIRECT] 1 : Invalid condition id : UX_CORESTACK_Condition cause : null
2023-11-02 15:23:35,375 [INFO] LogOutputStream:76 - [STDOUT_REDIRECT] 1 : Invalid condition id : UX_CORESTACK_Condition cause : null
2023-11-02 15:23:35,376 [INFO] LogOutputStream:76 - [STDOUT_REDIRECT] 1 : Invalid condition id : UX_CORESTACK_Condition cause : null
2023-11-02 15:23:35,381 [WARN] PackLoader:238 - Cannot read IP mode file for STMicroelectronics.X-CUBE-AZRTOS-WL.2.0.0
2023-11-02 15:23:35,394 [WARN] PackLoader:238 - Cannot read IP mode file for WES.I-CUBE-Cesium.1.3.0
2023-11-02 15:23:35,401 [WARN] PackLoader:238 - Cannot read IP mode file for STMicroelectronics.X-CUBE-BLE2.3.3.0
2023-11-02 15:23:35,411 [WARN] PackLoader:238 - Cannot read IP mode file for STMicroelectronics.X-CUBE-ALGOBUILD.1.3.0
2023-11-02 15:23:35,431 [WARN] PackLoader:238 - Cannot read IP mode file for STMicroelectronics.X-CUBE-AZRTOS-G0.1.1.0
2023-11-02 15:23:35,440 [WARN] PackLoader:238 - Cannot read IP mode file for STMicroelectronics.X-CUBE-NFC4.3.0.0
2023-11-02 15:23:35,449 [ERROR] Engine:463 - C:\Users\nguye\.stm32cubemx\thirdparties\pdsc\STMicroelectronics.X-CUBE-BLEMGR.3.0.0.pdsc: PDSC version is not supported
2023-11-02 15:23:35,453 [WARN] PackLoader:238 - Cannot read IP mode file for STMicroelectronics.FP-ATR-SIGFOX1.3.2.0
2023-11-02 15:23:35,513 [WARN] PackLoader:238 - Cannot read IP mode file for SEGGER.I-CUBE-embOS.1.3.1
2023-11-02 15:23:35,563 [WARN] PackLoader:238 - Cannot read IP mode file for STMicroelectronics.X-CUBE-GNSS1.6.0.0
2023-11-02 15:23:35,595 [WARN] PackLoader:238 - Cannot read IP mode file for STMicroelectronics.X-CUBE-AZRTOS-F4.1.1.0
2023-11-02 15:23:35,608 [WARN] PackLoader:238 - Cannot read IP mode file for wolfSSL.I-CUBE-wolfSSL.5.6.3
2023-11-02 15:23:35,638 [WARN] PackLoader:238 - Cannot read IP mode file for STMicroelectronics.X-CUBE-AZRTOS-L5.2.0.0
2023-11-02 15:23:35,717 [WARN] PackLoader:238 - Cannot read IP mode file for STMicroelectronics.X-CUBE-MEMS1.9.6.0
2023-11-02 15:23:35,983 [WARN] PackLoader:238 - Cannot read IP mode file for STMicroelectronics.X-CUBE-EEPRMA1.4.2.0
2023-11-02 15:23:35,990 [ERROR] Engine:463 - C:\Users\nguye\.stm32cubemx\thirdparties\pdsc\ITTIA_DB.I-CUBE-ITTIADB.8.8.0.pdsc: PDSC version is not supported
2023-11-02 15:23:35,999 [WARN] PackLoader:238 - Cannot read IP mode file for STMicroelectronics.X-CUBE-BLEMGR.2.0.0
2023-11-02 15:23:36,022 [WARN] ConditionMgr:437 - getConditionDescription Invalid condition id : UX DEVICE CLASS RTOS Condition cause : null
2023-11-02 15:23:36,022 [WARN] ConditionMgr:437 - getConditionDescription Invalid condition id : UX DEVICE CLASS RTOS Condition cause : null
2023-11-02 15:23:36,044 [WARN] PackLoader:238 - Cannot read IP mode file for STMicroelectronics.X-CUBE-AZRTOS-H7.3.1.0
2023-11-02 15:23:36,047 [WARN] ConditionMgr:1038 - genDependencies : Invalid condition id : UX DEVICE CLASS RTOS Condition cause : null
2023-11-02 15:23:36,047 [WARN] ConditionMgr:1038 - genDependencies : Invalid condition id : UX DEVICE CLASS RTOS Condition cause : null
2023-11-02 15:23:36,047 [WARN] ConditionMgr:1038 - genDependencies : Invalid condition id : UX DEVICE CLASS RTOS Condition cause : null
2023-11-02 15:23:36,047 [WARN] ConditionMgr:1038 - genDependencies : Invalid condition id : UX DEVICE CLASS RTOS Condition cause : null
2023-11-02 15:23:36,047 [WARN] ConditionMgr:1038 - genDependencies : Invalid condition id : UX DEVICE CLASS RTOS Condition cause : null
2023-11-02 15:23:36,068 [WARN] PackLoader:238 - Cannot read IP mode file for STMicroelectronics.X-CUBE-NFC7.1.0.1
2023-11-02 15:23:36,079 [WARN] PackLoader:238 - Cannot read IP mode file for STMicroelectronics.X-CUBE-NFC6.3.0.0
2023-11-02 15:23:36,079 [WARN] PackLoader:238 - Cannot read IP mode file for STMicroelectronics.X-CUBE-EEPRMA1.4.1.0
2023-11-02 15:23:36,094 [WARN] PackLoader:238 - Cannot read IP mode file for STMicroelectronics.X-CUBE-AI.8.1.0
2023-11-02 15:23:36,110 [WARN] ConditionMgr:437 - getConditionDescription Invalid condition id : LAN8742 Phy interface Condition cause : null
2023-11-02 15:23:36,110 [WARN] PackLoader:238 - Cannot read IP mode file for STMicroelectronics.X-CUBE-AZRTOS-L4.2.0.0
2023-11-02 15:23:36,110 [WARN] ConditionMgr:1038 - genDependencies : Invalid condition id : LAN8742 Phy interface Condition cause : null
2023-11-02 15:23:36,110 [WARN] ConditionMgr:1038 - genDependencies : Invalid condition id : LAN8742 Phy interface Condition cause : null
2023-11-02 15:23:36,110 [WARN] ConditionMgr:1038 - genDependencies : Invalid condition id : LAN8742 Phy interface Condition cause : null
2023-11-02 15:23:36,126 [WARN] PackLoader:238 - Cannot read IP mode file for STMicroelectronics.X-CUBE-SFXS2LP1.4.0.0
2023-11-02 15:23:36,126 [WARN] PackLoader:238 - Cannot read IP mode file for STMicroelectronics.X-CUBE-ISPU.1.1.0
2023-11-02 15:23:36,141 [WARN] ConditionMgr:437 - getConditionDescription Invalid condition id : UX DEVICE CLASS RTOS Condition cause : null
2023-11-02 15:23:36,141 [WARN] ConditionMgr:437 - getConditionDescription Invalid condition id : UX DEVICE CLASS RTOS Condition cause : null
2023-11-02 15:23:36,141 [WARN] PackLoader:238 - Cannot read IP mode file for STMicroelectronics.X-CUBE-AZRTOS-WB.2.0.0
2023-11-02 15:23:36,157 [WARN] ConditionMgr:1038 - genDependencies : Invalid condition id : UX DEVICE CLASS RTOS Condition cause : null
2023-11-02 15:23:36,157 [WARN] ConditionMgr:1038 - genDependencies : Invalid condition id : UX DEVICE CLASS RTOS Condition cause : null
2023-11-02 15:23:36,157 [WARN] ConditionMgr:1038 - genDependencies : Invalid condition id : UX DEVICE CLASS RTOS Condition cause : null
2023-11-02 15:23:36,158 [WARN] ConditionMgr:1038 - genDependencies : Invalid condition id : UX DEVICE CLASS RTOS Condition cause : null
2023-11-02 15:23:36,158 [WARN] ConditionMgr:1038 - genDependencies : Invalid condition id : UX DEVICE CLASS RTOS Condition cause : null
2023-11-02 15:23:36,165 [WARN] PackLoader:238 - Cannot read IP mode file for STMicroelectronics.X-CUBE-SUBG2.5.0.0
2023-11-02 15:23:36,173 [ERROR] Engine:463 - C:\Users\nguye\.stm32cubemx\thirdparties\pdsc\STMicroelectronics.X-CUBE-TOF1.3.3.1.pdsc: PDSC version is not supported
2023-11-02 15:23:36,191 [WARN] PackLoader:238 - Cannot read IP mode file for STMicroelectronics.X-CUBE-AZRTOS-G4.2.0.0
2023-11-02 15:23:36,205 [ERROR] Engine:463 - C:\Users\nguye\.stm32cubemx\thirdparties\pdsc\Infineon.AIROC-Wi-Fi-Bluetooth-STM32.1.5.1.pdsc: PDSC version is not supported
2023-11-02 15:23:36,252 [WARN] PackLoader:238 - Cannot read IP mode file for STMicroelectronics.X-CUBE-MEMS1.10.0.0
2023-11-02 15:23:36,503 [ERROR] Engine:463 - C:\Users\nguye\.stm32cubemx\thirdparties\pdsc\STMicroelectronics.X-CUBE-FREERTOS.1.1.0.pdsc: PDSC version is not supported
2023-11-02 15:23:36,505 [WARN] PackLoader:238 - Cannot read IP mode file for portGmbH.I-Cube-SoM-uGOAL.1.1.0
2023-11-02 15:23:36,505 [WARN] PackLoader:238 - Cannot read IP mode file for STMicroelectronics.X-CUBE-ALS.1.0.1
2023-11-02 15:23:36,519 [WARN] PackLoader:238 - Cannot read IP mode file for STMicroelectronics.FP-ATR-ASTRA1.2.0.0
2023-11-02 15:23:36,519 [INFO] ThirdParty:915 - Integrity check success = true
2023-11-02 15:23:36,519 [INFO] IntegrityCheckThread:94 - exiting critical section [integrity check]
2023-11-02 15:23:36,519 [INFO] IntegrityCheckThread:97 - End integrity checks thread
2023-11-02 15:23:37,379 [INFO] Context:592 - Trying to add GPIOservice into a context  which must be forbidden
2023-11-02 15:23:37,570 [INFO] ImportTextPane:167 - (OptionalMessage_ERROR) Unable to find key (Mcu.ThirdPartyNb) in loaded IOC file
2023-11-02 15:23:37,570 [INFO] ImportTextPane:167 - (OptionalMessage_ERROR) Unable to find key (Mcu.PinsNb) in loaded IOC file
2023-11-02 15:23:37,570 [INFO] ImportTextPane:167 - (OptionalMessage_ERROR) Unable to find key (Mcu.IPNb) in loaded IOC file
2023-11-02 15:23:37,616 [WARN] ApiManager:304 - Cannot register API 'Board Extension:GNSS1A1' from pack STMicroelectronics.X-CUBE-GNSS1.6.0.0: no header file found
2023-11-02 15:23:37,616 [WARN] ApiManager:304 - Cannot register API 'Board Support:Custom' from pack STMicroelectronics.X-CUBE-GNSS1.6.0.0: no header file found
2023-11-02 15:23:37,616 [WARN] ApiManager:304 - Cannot register API 'Data Exchange:lib_gnss' from pack STMicroelectronics.X-CUBE-GNSS1.6.0.0: no header file found
2023-11-02 15:23:37,882 [WARN] ApiManager:304 - Cannot register API 'Board Extension:IKS01A3' from pack STMicroelectronics.X-CUBE-MEMS1.9.6.0: no header file found
2023-11-02 15:23:37,882 [WARN] ApiManager:304 - Cannot register API 'Board Extension:IKS01A2' from pack STMicroelectronics.X-CUBE-MEMS1.9.6.0: no header file found
2023-11-02 15:23:37,882 [WARN] ApiManager:304 - Cannot register API 'Board Extension:IKS02A1' from pack STMicroelectronics.X-CUBE-MEMS1.9.6.0: no header file found
2023-11-02 15:23:37,898 [WARN] ApiManager:304 - Cannot register API 'Board Extension:EEPRMA2' from pack STMicroelectronics.X-CUBE-EEPRMA1.4.2.0: no header file found
2023-11-02 15:23:37,898 [WARN] ApiManager:304 - Cannot register API 'Board Extension:PGEEZ1' from pack STMicroelectronics.X-CUBE-EEPRMA1.4.2.0: no header file found
2023-11-02 15:23:37,898 [WARN] ApiManager:304 - Cannot register API 'Board Part:M24' from pack STMicroelectronics.X-CUBE-EEPRMA1.4.2.0: no header file found
2023-11-02 15:23:37,898 [WARN] ApiManager:304 - Cannot register API 'Board Part:M95' from pack STMicroelectronics.X-CUBE-EEPRMA1.4.2.0: no header file found
2023-11-02 15:23:37,898 [WARN] ApiManager:304 - Cannot register API 'Board Part:M95P32' from pack STMicroelectronics.X-CUBE-EEPRMA1.4.2.0: no header file found
2023-11-02 15:23:37,898 [WARN] ApiManager:304 - Cannot register API 'PGEEZ1:SPI' from pack STMicroelectronics.X-CUBE-EEPRMA1.4.2.0: no header file found
2023-11-02 15:23:37,898 [WARN] ApiManager:304 - Cannot register API 'PGEEZ1:QDSPI' from pack STMicroelectronics.X-CUBE-EEPRMA1.4.2.0: no header file found
2023-11-02 15:23:37,947 [INFO] RtosManager:484 - Registered RTOS mode: class=CMSIS, group=RTOS, mode=CMSIS_V1, owner=FREERTOS
2023-11-02 15:23:37,947 [INFO] RtosManager:484 - Registered RTOS mode: class=CMSIS, group=RTOS2, mode=CMSIS_V2, owner=FREERTOS
2023-11-02 15:23:37,947 [INFO] RtosManager:484 - Registered RTOS mode: class=RTOS, group=Core, mode=CMSIS_V1, owner=FREERTOS
2023-11-02 15:23:37,947 [INFO] RtosManager:484 - Registered RTOS mode: class=RTOS, group=Core, mode=CMSIS_V2, owner=FREERTOS
2023-11-02 15:23:37,947 [WARN] ModelIntegratedComponent:181 - Missing modes for component STMicroelectronics:FreeRTOS:0.0.1:STMicroelectronics:RTOS:FreeRTOS:Core:::10.2.0:
2023-11-02 15:23:37,947 [WARN] ApiManager:304 - Cannot register API 'Board Extension:NFC04A1' from pack STMicroelectronics.X-CUBE-NFC4.3.0.0: no header file found
2023-11-02 15:23:37,947 [WARN] ApiManager:304 - Cannot register API 'Board Extension:S2868A1' from pack STMicroelectronics.X-CUBE-SUBG2.5.0.0: no header file found
2023-11-02 15:23:37,947 [WARN] ApiManager:304 - Cannot register API 'Board Extension:S2868A2' from pack STMicroelectronics.X-CUBE-SUBG2.5.0.0: no header file found
2023-11-02 15:23:37,947 [WARN] ApiManager:304 - Cannot register API 'Board Extension:S2915A1' from pack STMicroelectronics.X-CUBE-SUBG2.5.0.0: no header file found
2023-11-02 15:23:37,961 [WARN] ApiManager:304 - Cannot register API 'Wireless:BlueNRG-MS' from pack STMicroelectronics.X-CUBE-BLE1.7.0.0: no header file found
2023-11-02 15:23:37,961 [WARN] ModelIntegratedComponent:60 - No mode defined for component null
2023-11-02 15:23:37,961 [WARN] ModelIntegratedComponent:60 - No mode defined for component null
2023-11-02 15:23:37,961 [WARN] ModelIntegratedComponent:60 - No mode defined for component null
2023-11-02 15:23:37,961 [WARN] ModelIntegratedComponent:60 - No mode defined for component null
2023-11-02 15:23:37,961 [WARN] ModelIntegratedComponent:60 - No mode defined for component null
2023-11-02 15:23:37,961 [WARN] ModelIntegratedComponent:60 - No mode defined for component null
2023-11-02 15:23:37,961 [WARN] ModelIntegratedComponent:60 - No mode defined for component null
2023-11-02 15:23:37,961 [WARN] ModelIntegratedComponent:60 - No mode defined for component null
2023-11-02 15:23:37,961 [WARN] ModelIntegratedComponent:60 - No mode defined for component null
2023-11-02 15:23:37,961 [WARN] ModelIntegratedComponent:60 - No mode defined for component null
2023-11-02 15:23:37,961 [WARN] ModelIntegratedComponent:60 - No mode defined for component null
2023-11-02 15:23:37,961 [WARN] ModelIntegratedComponent:60 - No mode defined for component null
2023-11-02 15:23:37,961 [WARN] ModelIntegratedComponent:60 - No mode defined for component null
2023-11-02 15:23:37,961 [WARN] ModelIntegratedComponent:60 - No mode defined for component null
2023-11-02 15:23:37,961 [WARN] ModelIntegratedComponent:60 - No mode defined for component null
2023-11-02 15:23:37,961 [WARN] ModelIntegratedComponent:60 - No mode defined for component null
2023-11-02 15:23:37,961 [WARN] ModelIntegratedComponent:60 - No mode defined for component null
2023-11-02 15:23:37,961 [WARN] ModelIntegratedComponent:60 - No mode defined for component null
2023-11-02 15:23:37,961 [WARN] ModelIntegratedComponent:60 - No mode defined for component null
2023-11-02 15:23:37,961 [WARN] ModelIntegratedComponent:60 - No mode defined for component null
2023-11-02 15:23:37,961 [WARN] ModelIntegratedComponent:60 - No mode defined for component null
2023-11-02 15:23:37,961 [WARN] ModelIntegratedComponent:60 - No mode defined for component null
2023-11-02 15:23:37,961 [WARN] ModelIntegratedComponent:60 - No mode defined for component null
2023-11-02 15:23:37,961 [WARN] ModelIntegratedComponent:60 - No mode defined for component null
2023-11-02 15:23:37,961 [WARN] ModelIntegratedComponent:60 - No mode defined for component null
2023-11-02 15:23:37,961 [WARN] ModelIntegratedComponent:60 - No mode defined for component null
2023-11-02 15:23:37,961 [WARN] ModelIntegratedComponent:60 - No mode defined for component null
2023-11-02 15:23:37,961 [WARN] ModelIntegratedComponent:60 - No mode defined for component null
2023-11-02 15:23:37,961 [WARN] ModelIntegratedComponent:60 - No mode defined for component null
2023-11-02 15:23:37,961 [WARN] ModelIntegratedComponent:60 - No mode defined for component null
2023-11-02 15:23:37,961 [WARN] ModelIntegratedComponent:60 - No mode defined for component null
2023-11-02 15:23:38,306 [WARN] ApiManager:304 - Cannot register API 'Board Extension:IKS01A3' from pack STMicroelectronics.X-CUBE-MEMS1.10.0.0: no header file found
2023-11-02 15:23:38,307 [WARN] ApiManager:304 - Cannot register API 'Board Extension:IKS02A1' from pack STMicroelectronics.X-CUBE-MEMS1.10.0.0: no header file found
2023-11-02 15:23:38,307 [WARN] ApiManager:304 - Cannot register API 'Board Extension:IKS4A1' from pack STMicroelectronics.X-CUBE-MEMS1.10.0.0: no header file found
2023-11-02 15:23:38,312 [WARN] ApiManager:304 - Cannot register API 'Board Extension:NFC07A1' from pack STMicroelectronics.X-CUBE-NFC7.1.0.1: no header file found
2023-11-02 15:23:38,312 [WARN] ApiManager:304 - Cannot register API 'Board Extension:NFC06A1' from pack STMicroelectronics.X-CUBE-NFC6.3.0.0: no header file found
2023-11-02 15:23:38,312 [WARN] ApiManager:304 - Cannot register API 'Board Extension:NFC08A1' from pack STMicroelectronics.X-CUBE-NFC6.3.0.0: no header file found
2023-11-02 15:23:38,312 [WARN] ApiManager:304 - Cannot register API 'Board Extension:EEPRMA1' from pack STMicroelectronics.X-CUBE-EEPRMA1.4.1.0: no header file found
2023-11-02 15:23:38,312 [WARN] ApiManager:304 - Cannot register API 'Board Extension:EEPRMA2' from pack STMicroelectronics.X-CUBE-EEPRMA1.4.1.0: no header file found
2023-11-02 15:23:38,312 [WARN] ApiManager:304 - Cannot register API 'Board Extension:PGEEZ1' from pack STMicroelectronics.X-CUBE-EEPRMA1.4.1.0: no header file found
2023-11-02 15:23:38,312 [WARN] ApiManager:304 - Cannot register API 'Board Part:M24' from pack STMicroelectronics.X-CUBE-EEPRMA1.4.1.0: no header file found
2023-11-02 15:23:38,312 [WARN] ApiManager:304 - Cannot register API 'Board Part:M95' from pack STMicroelectronics.X-CUBE-EEPRMA1.4.1.0: no header file found
2023-11-02 15:23:38,312 [WARN] ApiManager:304 - Cannot register API 'Board Part:M95P32' from pack STMicroelectronics.X-CUBE-EEPRMA1.4.1.0: no header file found
2023-11-02 15:23:38,312 [WARN] ApiManager:304 - Cannot register API 'PGEEZ1:SPI' from pack STMicroelectronics.X-CUBE-EEPRMA1.4.1.0: no header file found
2023-11-02 15:23:38,312 [WARN] ApiManager:304 - Cannot register API 'PGEEZ1:QDSPI' from pack STMicroelectronics.X-CUBE-EEPRMA1.4.1.0: no header file found
2023-11-02 15:23:38,323 [WARN] ApiManager:304 - Cannot register API 'Board Extension:S2868A1' from pack STMicroelectronics.X-CUBE-SFXS2LP1.4.0.0: no header file found
2023-11-02 15:23:38,323 [WARN] ApiManager:304 - Cannot register API 'Board Extension:S2868A2' from pack STMicroelectronics.X-CUBE-SFXS2LP1.4.0.0: no header file found
2023-11-02 15:23:38,323 [WARN] ApiManager:304 - Cannot register API 'Board Extension:S2915A1' from pack STMicroelectronics.X-CUBE-SFXS2LP1.4.0.0: no header file found
2023-11-02 15:23:38,323 [WARN] ApiManager:304 - Cannot register API 'Wireless:BlueNRG-2' from pack STMicroelectronics.X-CUBE-BLE2.3.3.0: no header file found
2023-11-02 15:23:42,021 [INFO] UtilMem:74 - End LoadConfig() Used Memory: 913360928 Bytes (1073741824)
2023-11-02 15:23:42,021 [WARN] ThirdParty:779 - waiting for thirdparty lock release [change project]
2023-11-02 15:23:42,021 [INFO] ThirdParty:781 - entering critical section [change project]
2023-11-02 15:23:42,021 [INFO] ThirdParty:967 - CMSIS Pack Vendor :STMicroelectronics X-CUBE-ISPU 1.1.0
2023-11-02 15:23:42,021 [INFO] ThirdParty:967 - CMSIS Pack Vendor :STMicroelectronics X-CUBE-GNSS1 6.0.0
2023-11-02 15:23:42,021 [INFO] ThirdParty:967 - CMSIS Pack Vendor :STMicroelectronics USB_HOST 2.0.0
2023-11-02 15:23:42,021 [INFO] ThirdParty:967 - CMSIS Pack Vendor :STMicroelectronics X-CUBE-AZRTOS-F4 1.1.0
2023-11-02 15:23:42,021 [INFO] ThirdParty:967 - CMSIS Pack Vendor :wolfSSL I-CUBE-wolfSSL 5.6.3
2023-11-02 15:23:42,021 [INFO] ThirdParty:967 - CMSIS Pack Vendor :STMicroelectronics USB_DEVICE 3.0.0
2023-11-02 15:23:42,021 [INFO] ThirdParty:967 - CMSIS Pack Vendor :STMicroelectronics X-CUBE-AZRTOS-WB 2.0.0
2023-11-02 15:23:42,021 [INFO] ThirdParty:967 - CMSIS Pack Vendor :STMicroelectronics X-CUBE-AZRTOS-F7 1.1.0
2023-11-02 15:23:42,021 [INFO] ThirdParty:967 - CMSIS Pack Vendor :STMicroelectronics X-CUBE-AZRTOS-L5 2.0.0
2023-11-02 15:23:42,021 [INFO] ThirdParty:967 - CMSIS Pack Vendor :STMicroelectronics USB_DEVICE 2.0.0
2023-11-02 15:23:42,021 [INFO] ThirdParty:967 - CMSIS Pack Vendor :STMicroelectronics X-CUBE-MEMS1 9.6.0
2023-11-02 15:23:42,021 [INFO] ThirdParty:967 - CMSIS Pack Vendor :STMicroelectronics X-CUBE-EEPRMA1 4.2.0
2023-11-02 15:23:42,021 [INFO] ThirdParty:967 - CMSIS Pack Vendor :STMicroelectronics X-CUBE-ALGOBUILD 1.3.0
2023-11-02 15:23:42,021 [INFO] ThirdParty:967 - CMSIS Pack Vendor :STMicroelectronics FreeRTOS 0.0.1
2023-11-02 15:23:42,021 [INFO] ThirdParty:967 - CMSIS Pack Vendor :STMicroelectronics X-CUBE-AZRTOS-G0 1.1.0
2023-11-02 15:23:42,021 [INFO] ThirdParty:967 - CMSIS Pack Vendor :STMicroelectronics X-CUBE-BLEMGR 2.0.0
2023-11-02 15:23:42,021 [INFO] ThirdParty:967 - CMSIS Pack Vendor :STMicroelectronics X-CUBE-NFC4 3.0.0
2023-11-02 15:23:42,021 [INFO] ThirdParty:967 - CMSIS Pack Vendor :STMicroelectronics X-CUBE-SUBG2 5.0.0
2023-11-02 15:23:42,021 [INFO] ThirdParty:967 - CMSIS Pack Vendor :STMicroelectronics lwIP 2.0.3
2023-11-02 15:23:42,021 [INFO] ThirdParty:967 - CMSIS Pack Vendor :STMicroelectronics USB_HOST 1.0.0
2023-11-02 15:23:42,021 [INFO] ThirdParty:967 - CMSIS Pack Vendor :STMicroelectronics X-CUBE-AZRTOS-G4 2.0.0
2023-11-02 15:23:42,021 [INFO] ThirdParty:967 - CMSIS Pack Vendor :STMicroelectronics PDM2PCM 3.1.0
2023-11-02 15:23:42,021 [INFO] ThirdParty:967 - CMSIS Pack Vendor :STMicroelectronics X-CUBE-AZRTOS-H7 3.1.0
2023-11-02 15:23:42,021 [INFO] ThirdParty:967 - CMSIS Pack Vendor :STMicroelectronics PDM2PCM 3.3.0
2023-11-02 15:23:42,021 [INFO] ThirdParty:967 - CMSIS Pack Vendor :STMicroelectronics X-CUBE-BLE1 7.0.0
2023-11-02 15:23:42,021 [INFO] ThirdParty:967 - CMSIS Pack Vendor :STMicroelectronics FP-ATR-SIGFOX1 3.2.0
2023-11-02 15:23:42,021 [INFO] ThirdParty:967 - CMSIS Pack Vendor :STMicroelectronics HAL Drivers 0.0.0
2023-11-02 15:23:42,021 [INFO] ThirdParty:967 - CMSIS Pack Vendor :STMicroelectronics MBEDTLS 2.16.2
2023-11-02 15:23:42,021 [INFO] ThirdParty:967 - CMSIS Pack Vendor :STMicroelectronics X-CUBE-MEMS1 10.0.0
2023-11-02 15:23:42,021 [INFO] ThirdParty:967 - CMSIS Pack Vendor :STMicroelectronics X-CUBE-TOUCHGFX 4.22.0
2023-11-02 15:23:42,021 [INFO] ThirdParty:967 - CMSIS Pack Vendor :STMicroelectronics X-CUBE-NFC7 1.0.1
2023-11-02 15:23:42,021 [INFO] ThirdParty:967 - CMSIS Pack Vendor :STMicroelectronics MBEDTLS 2.14.1
2023-11-02 15:23:42,021 [INFO] ThirdParty:967 - CMSIS Pack Vendor :STMicroelectronics X-CUBE-TOUCHGFX 4.22.1
2023-11-02 15:23:42,021 [INFO] ThirdParty:967 - CMSIS Pack Vendor :STMicroelectronics X-CUBE-NFC6 3.0.0
2023-11-02 15:23:42,021 [INFO] ThirdParty:967 - CMSIS Pack Vendor :STMicroelectronics X-CUBE-EEPRMA1 4.1.0
2023-11-02 15:23:42,021 [INFO] ThirdParty:967 - CMSIS Pack Vendor :portGmbH I-Cube-SoM-uGOAL 1.1.0
2023-11-02 15:23:42,021 [INFO] ThirdParty:967 - CMSIS Pack Vendor :STMicroelectronics X-CUBE-ALS 1.0.1
2023-11-02 15:23:42,021 [INFO] ThirdParty:967 - CMSIS Pack Vendor :STMicroelectronics X-CUBE-AZRTOS-WL 2.0.0
2023-11-02 15:23:42,021 [INFO] ThirdParty:967 - CMSIS Pack Vendor :SEGGER I-CUBE-embOS 1.3.1
2023-11-02 15:23:42,021 [INFO] ThirdParty:967 - CMSIS Pack Vendor :STMicroelectronics USB_DEVICE 1.0.0
2023-11-02 15:23:42,021 [INFO] ThirdParty:967 - CMSIS Pack Vendor :STMicroelectronics X-CUBE-AI 8.1.0
2023-11-02 15:23:42,021 [INFO] ThirdParty:967 - CMSIS Pack Vendor :STMicroelectronics X-CUBE-AZRTOS-L4 2.0.0
2023-11-02 15:23:42,021 [INFO] ThirdParty:967 - CMSIS Pack Vendor :STMicroelectronics ThreadX 0.0.2
2023-11-02 15:23:42,021 [INFO] ThirdParty:967 - CMSIS Pack Vendor :WES I-CUBE-Cesium 1.3.0
2023-11-02 15:23:42,021 [INFO] ThirdParty:967 - CMSIS Pack Vendor :STMicroelectronics FP-ATR-ASTRA1 2.0.0
2023-11-02 15:23:42,021 [INFO] ThirdParty:967 - CMSIS Pack Vendor :STMicroelectronics lwIP 2.1.2
2023-11-02 15:23:42,021 [INFO] ThirdParty:967 - CMSIS Pack Vendor :STMicroelectronics X-CUBE-SFXS2LP1 4.0.0
2023-11-02 15:23:42,021 [INFO] ThirdParty:967 - CMSIS Pack Vendor :STMicroelectronics X-CUBE-BLE2 3.3.0
2023-11-02 15:23:42,021 [INFO] ThirdParty:967 - CMSIS Pack Vendor :STMicroelectronics PDM2PCM 3.2.0
2023-11-02 15:23:42,021 [INFO] ThirdParty:787 - exiting critical section [change project]
2023-11-02 15:23:42,300 [INFO] PinOutPanel:1463 - setPackage(No Configuration,No Configuration)
2023-11-02 15:23:42,300 [INFO] PinOutPanel:1463 - setPackage(STM32F103C6Ux,UFQFPN48)
2023-11-02 15:23:42,786 [INFO] UtilMem:74 - Before build in PCC Used Memory: 912494360 Bytes (1073741824)
2023-11-02 15:23:43,486 [INFO] UtilMem:74 - After build in PCC Used Memory: 900824288 Bytes (1073741824)
2023-11-02 15:23:43,527 [INFO] IPUIPlugin:74 - create IPUIPlugin
2023-11-02 15:23:43,527 [INFO] IPUIPlugin:74 - create IPUIPlugin
2023-11-02 15:23:43,527 [INFO] IPUIPlugin:74 - create IPUIPlugin
2023-11-02 15:23:43,527 [INFO] IPUIPlugin:74 - create IPUIPlugin
2023-11-02 15:23:43,527 [INFO] IPUIPlugin:74 - create IPUIPlugin
2023-11-02 15:23:43,527 [INFO] IPUIPlugin:74 - create IPUIPlugin
2023-11-02 15:23:43,527 [INFO] IPUIPlugin:74 - create IPUIPlugin
2023-11-02 15:23:43,527 [INFO] IPUIPlugin:74 - create IPUIPlugin
2023-11-02 15:23:43,527 [INFO] IPUIPlugin:74 - create IPUIPlugin
2023-11-02 15:23:43,527 [INFO] IPUIPlugin:74 - create IPUIPlugin
2023-11-02 15:23:43,527 [INFO] IPUIPlugin:74 - create IPUIPlugin
2023-11-02 15:23:43,527 [INFO] IPUIPlugin:74 - create IPUIPlugin
2023-11-02 15:23:43,527 [INFO] IPUIPlugin:74 - create IPUIPlugin
2023-11-02 15:23:43,527 [INFO] IPUIPlugin:74 - create IPUIPlugin
2023-11-02 15:23:43,527 [INFO] IPUIPlugin:74 - create IPUIPlugin
2023-11-02 15:23:43,533 [INFO] IPUIPlugin:74 - create IPUIPlugin
2023-11-02 15:23:43,533 [INFO] IPUIPlugin:74 - create IPUIPlugin
2023-11-02 15:23:43,533 [INFO] IPUIPlugin:74 - create IPUIPlugin
2023-11-02 15:23:43,533 [INFO] IPUIPlugin:74 - create IPUIPlugin
2023-11-02 15:23:43,533 [INFO] IPUIPlugin:74 - create IPUIPlugin
2023-11-02 15:23:43,533 [INFO] IPUIPlugin:74 - create IPUIPlugin
2023-11-02 15:23:43,533 [INFO] IPUIPlugin:74 - create IPUIPlugin
2023-11-02 15:23:43,533 [INFO] IPUIPlugin:74 - create IPUIPlugin
2023-11-02 15:23:43,675 [INFO] OpenFileManager:333 - Restore cursor
2023-11-02 15:23:43,969 [INFO] UtilMem:74 - End SaveConfig() Used Memory: 929265088 Bytes (1073741824)
2023-11-02 15:23:44,031 [INFO] UtilMem:74 - End SaveConfig() Used Memory: 942711296 Bytes (1073741824)
2023-11-02 15:23:44,356 [INFO] BlockDiagram:2740 - set Specific Code input for plugin: NVIC
2023-11-02 15:23:44,356 [INFO] BlockDiagram:2740 - set Specific Code input for plugin: SYS
2023-11-02 15:23:44,356 [INFO] BlockDiagram:2740 - set Specific Code input for plugin: RCC
2023-11-02 15:23:44,356 [INFO] CodeGenerator:663 - code generatio: config db path: C:\ST\STM32CubeIDE_1.7.0\STM32CubeIDE\plugins\com.st.stm32cube.common.mx_6.3.0.202107141111\\db\
2023-11-02 15:23:44,697 [INFO] CodeEngine:239 - oldGeneratedFile, D:\STM32allprj\git\LAB1\STM32\lab1\MXTmpFiles\license.tmp_save
2023-11-02 15:23:44,989 [INFO] CodeEngine:257 - Generated code: D:\STM32allprj\git\LAB1\STM32\lab1\MXTmpFiles\license.tmp
2023-11-02 15:23:45,102 [INFO] CodeEngine:239 - oldGeneratedFile, D:\STM32allprj\git\LAB1\STM32\lab1\Core\Src\stm32f1xx_it.c_save
2023-11-02 15:23:45,195 [INFO] CodeEngine:257 - Generated code: D:\STM32allprj\git\LAB1\STM32\lab1\Core\Src\stm32f1xx_it.c
2023-11-02 15:23:45,195 [INFO] CodeEngine:239 - oldGeneratedFile, D:\STM32allprj\git\LAB1\STM32\lab1\Core\Inc\stm32f1xx_it.h_save
2023-11-02 15:23:45,254 [INFO] CodeEngine:257 - Generated code: D:\STM32allprj\git\LAB1\STM32\lab1\Core\Inc\stm32f1xx_it.h
2023-11-02 15:23:45,268 [INFO] CodeEngine:239 - oldGeneratedFile, D:\STM32allprj\git\LAB1\STM32\lab1\Core\Src\stm32f1xx_hal_msp.c_save
2023-11-02 15:23:45,361 [INFO] CodeEngine:257 - Generated code: D:\STM32allprj\git\LAB1\STM32\lab1\Core\Src\stm32f1xx_hal_msp.c
2023-11-02 15:23:45,361 [INFO] CodeEngine:239 - oldGeneratedFile, D:\STM32allprj\git\LAB1\STM32\lab1\MXTmpFiles\system.tmp_save
2023-11-02 15:23:45,410 [INFO] CodeEngine:257 - Generated code: D:\STM32allprj\git\LAB1\STM32\lab1\MXTmpFiles\system.tmp
2023-11-02 15:23:45,422 [INFO] CodeEngine:239 - oldGeneratedFile, D:\STM32allprj\git\LAB1\STM32\lab1\Core\Inc\stm32f1xx_hal_conf.h_save
2023-11-02 15:23:45,471 [INFO] CodeEngine:257 - Generated code: D:\STM32allprj\git\LAB1\STM32\lab1\Core\Inc\stm32f1xx_hal_conf.h
2023-11-02 15:23:45,503 [INFO] CodeEngine:239 - oldGeneratedFile, D:\STM32allprj\git\LAB1\STM32\lab1\Core\Inc\main.h_save
2023-11-02 15:23:45,581 [INFO] CodeEngine:257 - Generated code: D:\STM32allprj\git\LAB1\STM32\lab1\Core\Inc\main.h
2023-11-02 15:23:45,581 [INFO] CodeEngine:239 - oldGeneratedFile, D:\STM32allprj\git\LAB1\STM32\lab1\Core\Src\main.c_save
2023-11-02 15:23:45,659 [INFO] CodeEngine:257 - Generated code: D:\STM32allprj\git\LAB1\STM32\lab1\Core\Src\main.c
2023-11-02 15:23:47,234 [INFO] ProjectBuilder:2578 - Time for Copy HAL[1] : 84mS.
2023-11-02 15:23:47,238 [INFO] ProjectBuilder:3622 - Project Generator version: 3.14.1
2023-11-02 15:23:47,721 [INFO] ConfigFileManager:1271 - The Die is : DIE412
2023-11-02 15:23:47,737 [INFO] ApiDbMcu:468 - Load IP Config File for FATFS
2023-11-02 15:23:47,752 [INFO] ApiDbMcu:468 - Load IP Config File for FREERTOS
2023-11-02 15:23:47,784 [INFO] ApiDbMcu:468 - Load IP Config File for USB_DEVICE
2023-11-02 15:23:55,068 [INFO] ProjectBuilder:3789 - Time for Generating toolchain IDE Files: 7830mS.
2023-11-02 15:23:55,068 [INFO] ProjectBuilder:2457 - Time for Copy CMSIS : 0mS.
2023-11-02 15:23:55,068 [INFO] ProjectBuilder:2457 - Time for Copy CMSIS : 0mS.
2023-11-02 15:23:56,376 [INFO] McuFinderGlobals:52 - Set McuFinderConnectedMode to true
2023-11-02 15:23:56,380 [INFO] ApiDb:276 - Save user favorites file C:\Users\nguye/.stm32cubeide/favorites.mcus.txt: 0 item(s)
2023-11-02 15:23:56,380 [INFO] ApiDb:280 - User favorites MCUs=[]
2023-11-02 15:24:51,820 [INFO] UtilMem:74 - End SaveConfig() Used Memory: 835342704 Bytes (1073741824)
2023-11-02 15:24:53,130 [INFO] UtilMem:74 - End SaveConfig() Used Memory: 863577560 Bytes (1073741824)
2023-11-02 15:25:13,047 [INFO] UtilMem:74 - End SaveConfig() Used Memory: 883814072 Bytes (1073741824)
2023-11-02 15:25:13,453 [INFO] BlockDiagram:2740 - set Specific Code input for plugin: NVIC
2023-11-02 15:25:13,453 [INFO] BlockDiagram:2740 - set Specific Code input for plugin: SYS
2023-11-02 15:25:13,453 [INFO] BlockDiagram:2740 - set Specific Code input for plugin: GPIO
2023-11-02 15:25:13,453 [INFO] BlockDiagram:2740 - set Specific Code input for plugin: RCC
2023-11-02 15:25:13,453 [INFO] CodeGenerator:663 - code generatio: config db path: C:\ST\STM32CubeIDE_1.7.0\STM32CubeIDE\plugins\com.st.stm32cube.common.mx_6.3.0.202107141111\\db\
2023-11-02 15:25:13,804 [INFO] CodeEngine:239 - oldGeneratedFile, D:\STM32allprj\git\LAB1\STM32\lab1\MXTmpFiles\license.tmp_save
2023-11-02 15:25:13,901 [INFO] CodeEngine:257 - Generated code: D:\STM32allprj\git\LAB1\STM32\lab1\MXTmpFiles\license.tmp
2023-11-02 15:25:13,948 [INFO] CodeEngine:239 - oldGeneratedFile, D:\STM32allprj\git\LAB1\STM32\lab1\MXTmpFiles\gpio.tmp_save
2023-11-02 15:25:14,011 [INFO] CodeEngine:257 - Generated code: D:\STM32allprj\git\LAB1\STM32\lab1\MXTmpFiles\gpio.tmp
2023-11-02 15:25:14,027 [INFO] CodeEngine:239 - oldGeneratedFile, D:\STM32allprj\git\LAB1\STM32\lab1\Core\Src\stm32f1xx_it.c_save
2023-11-02 15:25:14,142 [INFO] CodeEngine:257 - Generated code: D:\STM32allprj\git\LAB1\STM32\lab1\Core\Src\stm32f1xx_it.c
2023-11-02 15:25:14,160 [INFO] CodeEngine:239 - oldGeneratedFile, D:\STM32allprj\git\LAB1\STM32\lab1\Core\Inc\stm32f1xx_it.h_save
2023-11-02 15:25:14,233 [INFO] CodeEngine:257 - Generated code: D:\STM32allprj\git\LAB1\STM32\lab1\Core\Inc\stm32f1xx_it.h
2023-11-02 15:25:14,242 [INFO] CodeEngine:239 - oldGeneratedFile, D:\STM32allprj\git\LAB1\STM32\lab1\Core\Src\stm32f1xx_hal_msp.c_save
2023-11-02 15:25:14,332 [INFO] CodeEngine:257 - Generated code: D:\STM32allprj\git\LAB1\STM32\lab1\Core\Src\stm32f1xx_hal_msp.c
2023-11-02 15:25:14,345 [INFO] CodeEngine:239 - oldGeneratedFile, D:\STM32allprj\git\LAB1\STM32\lab1\MXTmpFiles\system.tmp_save
2023-11-02 15:25:14,424 [INFO] CodeEngine:257 - Generated code: D:\STM32allprj\git\LAB1\STM32\lab1\MXTmpFiles\system.tmp
2023-11-02 15:25:14,424 [INFO] CodeEngine:239 - oldGeneratedFile, D:\STM32allprj\git\LAB1\STM32\lab1\Core\Inc\stm32f1xx_hal_conf.h_save
2023-11-02 15:25:14,518 [INFO] CodeEngine:257 - Generated code: D:\STM32allprj\git\LAB1\STM32\lab1\Core\Inc\stm32f1xx_hal_conf.h
2023-11-02 15:25:14,549 [INFO] CodeEngine:239 - oldGeneratedFile, D:\STM32allprj\git\LAB1\STM32\lab1\Core\Inc\main.h_save
2023-11-02 15:25:14,628 [INFO] CodeEngine:257 - Generated code: D:\STM32allprj\git\LAB1\STM32\lab1\Core\Inc\main.h
2023-11-02 15:25:14,628 [INFO] CodeEngine:239 - oldGeneratedFile, D:\STM32allprj\git\LAB1\STM32\lab1\Core\Src\main.c_save
2023-11-02 15:25:14,753 [INFO] CodeEngine:257 - Generated code: D:\STM32allprj\git\LAB1\STM32\lab1\Core\Src\main.c
2023-11-02 15:25:15,740 [INFO] ProjectBuilder:2578 - Time for Copy HAL[1] : 124mS.
2023-11-02 15:25:15,740 [INFO] ProjectBuilder:3622 - Project Generator version: 3.14.1
2023-11-02 15:25:16,295 [INFO] ConfigFileManager:1271 - The Die is : DIE412
2023-11-02 15:25:19,064 [INFO] ProjectBuilder:3789 - Time for Generating toolchain IDE Files: 3324mS.
2023-11-02 15:25:19,064 [INFO] ProjectBuilder:2457 - Time for Copy CMSIS : 0mS.
2023-11-02 15:25:19,064 [INFO] ProjectBuilder:2457 - Time for Copy CMSIS : 0mS.
